<?xml version="1.0" encoding="UTF-8"?>
<testsuites name="Faculty E2E" time="227.635" tests="8" failures="1" skips="0" errors="0">
   <testsuite name="Faculty E2E" tests="8" failures="1" errors="0" time="227.635" skips="0" timestamp="2021-03-08 18:09:32" hostname="PVs - LAPTOP-OCLE0COJ" id="Test Suites/Faculty E2E">
      <properties>
         <property name="deviceName" value=""/>
         <property name="devicePlatform" value=""/>
         <property name="logFolder" value="C:\\Users\\PVs\\Katalon Studio\\Portal_OEC\\Reports\\20210308_180929\\Faculty E2E\\20210308_180929"/>
         <property name="logFiles" value="C:\\Users\\PVs\\Katalon Studio\\Portal_OEC\\Reports\\20210308_180929\\Faculty E2E\\20210308_180929\\execution0.log"/>
         <property name="attachments" value="C:\\Users\\PVs\\Katalon Studio\\Portal_OEC\\Reports\\20210308_180929\\Faculty E2E\\20210308_180929\\1615207189620.png, C:\\Users\\PVs\\Katalon Studio\\Portal_OEC\\Reports\\20210308_180929\\Faculty E2E\\20210308_180929\\1615207193782.png, C:\\Users\\PVs\\Katalon Studio\\Portal_OEC\\Reports\\20210308_180929\\Faculty E2E\\20210308_180929\\1615207198840.png, C:\\Users\\PVs\\Katalon Studio\\Portal_OEC\\Reports\\20210308_180929\\Faculty E2E\\20210308_180929\\1615207203738.png, C:\\Users\\PVs\\Katalon Studio\\Portal_OEC\\Reports\\20210308_180929\\Faculty E2E\\20210308_180929\\1615207222640.png, C:\\Users\\PVs\\Katalon Studio\\Portal_OEC\\Reports\\20210308_180929\\Faculty E2E\\20210308_180929\\1615207225122.png, C:\\Users\\PVs\\Katalon Studio\\Portal_OEC\\Reports\\20210308_180929\\Faculty E2E\\20210308_180929\\1615207245356.png, C:\\Users\\PVs\\Katalon Studio\\Portal_OEC\\Reports\\20210308_180929\\Faculty E2E\\20210308_180929\\1615207250974.png, C:\\Users\\PVs\\Katalon Studio\\Portal_OEC\\Reports\\20210308_180929\\Faculty E2E\\20210308_180929\\1615207252403.png, C:\\Users\\PVs\\Katalon Studio\\Portal_OEC\\Reports\\20210308_180929\\Faculty E2E\\20210308_180929\\1615207253882.png, C:\\Users\\PVs\\Katalon Studio\\Portal_OEC\\Reports\\20210308_180929\\Faculty E2E\\20210308_180929\\1615207255322.png, C:\\Users\\PVs\\Katalon Studio\\Portal_OEC\\Reports\\20210308_180929\\Faculty E2E\\20210308_180929\\1615207257956.png, C:\\Users\\PVs\\Katalon Studio\\Portal_OEC\\Reports\\20210308_180929\\Faculty E2E\\20210308_180929\\1615207260575.png, C:\\Users\\PVs\\Katalon Studio\\Portal_OEC\\Reports\\20210308_180929\\Faculty E2E\\20210308_180929\\1615207263162.png, C:\\Users\\PVs\\Katalon Studio\\Portal_OEC\\Reports\\20210308_180929\\Faculty E2E\\20210308_180929\\1615207265819.png, C:\\Users\\PVs\\Katalon Studio\\Portal_OEC\\Reports\\20210308_180929\\Faculty E2E\\20210308_180929\\1615207288040.png, C:\\Users\\PVs\\Katalon Studio\\Portal_OEC\\Reports\\20210308_180929\\Faculty E2E\\20210308_180929\\1615207291419.png, C:\\Users\\PVs\\Katalon Studio\\Portal_OEC\\Reports\\20210308_180929\\Faculty E2E\\20210308_180929\\1615207294440.png, C:\\Users\\PVs\\Katalon Studio\\Portal_OEC\\Reports\\20210308_180929\\Faculty E2E\\20210308_180929\\1615207312867.png, C:\\Users\\PVs\\Katalon Studio\\Portal_OEC\\Reports\\20210308_180929\\Faculty E2E\\20210308_180929\\1615207314303.png, C:\\Users\\PVs\\Katalon Studio\\Portal_OEC\\Reports\\20210308_180929\\Faculty E2E\\20210308_180929\\1615207315757.png, C:\\Users\\PVs\\Katalon Studio\\Portal_OEC\\Reports\\20210308_180929\\Faculty E2E\\20210308_180929\\1615207317231.png, C:\\Users\\PVs\\Katalon Studio\\Portal_OEC\\Reports\\20210308_180929\\Faculty E2E\\20210308_180929\\1615207342425.png, C:\\Users\\PVs\\Katalon Studio\\Portal_OEC\\Reports\\20210308_180929\\Faculty E2E\\20210308_180929\\1615207360556.png, C:\\Users\\PVs\\Katalon Studio\\Portal_OEC\\Reports\\20210308_180929\\Faculty E2E\\20210308_180929\\1615207361986.png, C:\\Users\\PVs\\Katalon Studio\\Portal_OEC\\Reports\\20210308_180929\\Faculty E2E\\20210308_180929\\1615207363426.png, C:\\Users\\PVs\\Katalon Studio\\Portal_OEC\\Reports\\20210308_180929\\Faculty E2E\\20210308_180929\\1615207366354.png, C:\\Users\\PVs\\Katalon Studio\\Portal_OEC\\Reports\\20210308_180929\\Faculty E2E\\20210308_180929\\1615207369515.png, C:\\Users\\PVs\\Katalon Studio\\Portal_OEC\\Reports\\20210308_180929\\Faculty E2E\\20210308_180929\\1615207372321.png, C:\\Users\\PVs\\Katalon Studio\\Portal_OEC\\Reports\\20210308_180929\\Faculty E2E\\20210308_180929\\1615207373775.png, C:\\Users\\PVs\\Katalon Studio\\Portal_OEC\\Reports\\20210308_180929\\Faculty E2E\\20210308_180929\\1615207375249.png, C:\\Users\\PVs\\Katalon Studio\\Portal_OEC\\Reports\\20210308_180929\\Faculty E2E\\20210308_180929\\1615207379418.png, C:\\Users\\PVs\\Katalon Studio\\Portal_OEC\\Reports\\20210308_180929\\Faculty E2E\\20210308_180929\\1615207380848.png, C:\\Users\\PVs\\Katalon Studio\\Portal_OEC\\Reports\\20210308_180929\\Faculty E2E\\20210308_180929\\1615207398937.png"/>
         <property name="hostName" value="PVs - LAPTOP-OCLE0COJ"/>
         <property name="os" value="Windows 10 64bit"/>
         <property name="katalonVersion" value="7.9.1.208"/>
         <property name="browser" value="Chrome 87.0.4280.141"/>
         <property name="hostAddress" value="169.254.55.176"/>
         <property name="sessionId" value="6445d96a9068e63e9bac1529c6231088"/>
         <property name="seleniumVersion" value="3.141.59"/>
         <property name="proxyInformation" value="ProxyInformation { proxyOption=NO_PROXY, proxyServerType=HTTP, username=, password=********, proxyServerAddress=, proxyServerPort=0, executionList=&quot;&quot;, isApplyToDesiredCapabilities=true }"/>
         <property name="platform" value="Windows 10"/>
      </properties>
      <testcase name="Test Cases/Web/Faculty/Imports" time="34.367" classname="Test Cases/Web/Faculty/Imports" status="PASSED">
         <system-out><![CDATA[2021-03-08 18:09:34 - [TEST_CASE][PASSED] - Test Cases/Web/Faculty/Imports: Test Cases/Web/Faculty/Imports

2021-03-08 18:09:34 - [TEST_STEP][PASSED] - openBrowser(""): Browser is opened with url: ''

2021-03-08 18:09:35 - [MESSAGE][INFO] - Starting 'Chrome' driver

2021-03-08 18:09:35 - [MESSAGE][INFO] - User set preference: ['args', '[--allow-running-insecure-content, --start-maximized]']

2021-03-08 18:09:35 - [MESSAGE][INFO] - Action delay is set to 400 milliseconds

2021-03-08 18:09:36 - [MESSAGE][PASSED] - Browser is opened with url: ''

2021-03-08 18:09:36 - [TEST_STEP][PASSED] - navigateToUrl("https://oecfrontend.vercel.app/"): Navigate to 'https://oecfrontend.vercel.app/' successfully

2021-03-08 18:09:38 - [MESSAGE][PASSED] - Navigate to 'https://oecfrontend.vercel.app/' successfully

2021-03-08 18:09:38 - [TEST_STEP][PASSED] - setText(findTestObject("Faculty/Imports/input_Faculty Login_username"), "AITS051002"): Text 'AITS051002' is set on object 'Object Repository/Faculty/Imports/input_Faculty Login_username'

2021-03-08 18:09:39 - [MESSAGE][PASSED] - Text 'AITS051002' is set on object 'Object Repository/Faculty/Imports/input_Faculty Login_username'

2021-03-08 18:09:39 - [TEST_STEP][PASSED] - setEncryptedText(findTestObject("Faculty/Imports/input_Faculty Login_password"), "/HuGEUzXDLUt1zEZ6TwafQ=="): Text ****** has been set on object 'Object Repository/Faculty/Imports/input_Faculty Login_password'

2021-03-08 18:09:41 - [MESSAGE][PASSED] - Text ****** has been set on object 'Object Repository/Faculty/Imports/input_Faculty Login_password'

2021-03-08 18:09:41 - [TEST_STEP][PASSED] - click(findTestObject("Faculty/Imports/button_Login")): Object: 'Object Repository/Faculty/Imports/button_Login' is clicked on

2021-03-08 18:09:41 - [MESSAGE][PASSED] - Object: 'Object Repository/Faculty/Imports/button_Login' is clicked on

2021-03-08 18:09:41 - [TEST_STEP][PASSED] - click(findTestObject("Faculty/Imports/svg_Dr PC Senthil Mahesh_svg-inline--fa fa-_fb601b")): Object: 'Object Repository/Faculty/Imports/svg_Dr PC Senthil Mahesh_svg-inline--fa fa-_fb601b' is clicked on

2021-03-08 18:09:43 - [MESSAGE][PASSED] - Object: 'Object Repository/Faculty/Imports/svg_Dr PC Senthil Mahesh_svg-inline--fa fa-_fb601b' is clicked on

2021-03-08 18:09:43 - [TEST_STEP][PASSED] - click(findTestObject("Faculty/Imports/div_Role ()AdminFacultyHOD")): Object: 'Object Repository/Faculty/Imports/div_Role ()AdminFacultyHOD' is clicked on

2021-03-08 18:09:44 - [MESSAGE][PASSED] - Object: 'Object Repository/Faculty/Imports/div_Role ()AdminFacultyHOD' is clicked on

2021-03-08 18:09:44 - [TEST_STEP][PASSED] - click(findTestObject("Faculty/Imports/svg_Dr PC Senthil Mahesh_svg-inline--fa fa-_fb601b")): Object: 'Object Repository/Faculty/Imports/svg_Dr PC Senthil Mahesh_svg-inline--fa fa-_fb601b' is clicked on

2021-03-08 18:09:45 - [MESSAGE][PASSED] - Object: 'Object Repository/Faculty/Imports/svg_Dr PC Senthil Mahesh_svg-inline--fa fa-_fb601b' is clicked on

2021-03-08 18:09:45 - [TEST_STEP][PASSED] - click(findTestObject("Faculty/Imports/a_Faculty")): Object: 'Object Repository/Faculty/Imports/a_Faculty' is clicked on

2021-03-08 18:09:46 - [MESSAGE][PASSED] - Object: 'Object Repository/Faculty/Imports/a_Faculty' is clicked on

2021-03-08 18:09:46 - [TEST_STEP][PASSED] - delay(2): Delayed 2 second(s)

2021-03-08 18:09:48 - [MESSAGE][PASSED] - Delayed 2 second(s)

2021-03-08 18:09:48 - [TEST_STEP][PASSED] - click(findTestObject("Faculty/Imports/Imports")): Object: 'Object Repository/Faculty/Imports/Imports' is clicked on

2021-03-08 18:09:49 - [MESSAGE][PASSED] - Object: 'Object Repository/Faculty/Imports/Imports' is clicked on

2021-03-08 18:09:49 - [TEST_STEP][PASSED] - takeScreenshot(): Taking screenshot successfully

2021-03-08 18:09:49 - [MESSAGE][PASSED] - Taking screenshot successfully
[[ATTACHMENT|C:\\Users\\PVs\\Katalon Studio\\Portal_OEC\\Reports\\20210308_180929\\Faculty E2E\\20210308_180929\\1615207189620.png]]

2021-03-08 18:09:49 - [TEST_STEP][PASSED] - click(findTestObject("Faculty/Imports/img_1")): Object: 'Object Repository/Faculty/Imports/img_1' is clicked on

2021-03-08 18:09:50 - [MESSAGE][PASSED] - Object: 'Object Repository/Faculty/Imports/img_1' is clicked on

2021-03-08 18:09:50 - [TEST_STEP][PASSED] - focus(findTestObject("Faculty/Imports/Course_obj")): Object: 'Object Repository/Faculty/Imports/Course_obj' is focused

2021-03-08 18:09:51 - [MESSAGE][PASSED] - Object: 'Object Repository/Faculty/Imports/Course_obj' is focused

2021-03-08 18:09:51 - [TEST_STEP][PASSED] - delay(2): Delayed 2 second(s)

2021-03-08 18:09:53 - [MESSAGE][PASSED] - Delayed 2 second(s)

2021-03-08 18:09:53 - [TEST_STEP][PASSED] - takeScreenshot(): Taking screenshot successfully

2021-03-08 18:09:54 - [MESSAGE][PASSED] - Taking screenshot successfully
[[ATTACHMENT|C:\\Users\\PVs\\Katalon Studio\\Portal_OEC\\Reports\\20210308_180929\\Faculty E2E\\20210308_180929\\1615207193782.png]]

2021-03-08 18:09:54 - [TEST_STEP][PASSED] - click(findTestObject("Faculty/Imports/cousrse_obj_close")): Object: 'Object Repository/Faculty/Imports/cousrse_obj_close' is clicked on

2021-03-08 18:09:55 - [MESSAGE][PASSED] - Object: 'Object Repository/Faculty/Imports/cousrse_obj_close' is clicked on

2021-03-08 18:09:55 - [TEST_STEP][PASSED] - click(findTestObject("Faculty/Imports/course_outcome")): Object: 'Object Repository/Faculty/Imports/course_outcome' is clicked on

2021-03-08 18:09:55 - [MESSAGE][PASSED] - Object: 'Object Repository/Faculty/Imports/course_outcome' is clicked on

2021-03-08 18:09:55 - [TEST_STEP][PASSED] - focus(findTestObject("Faculty/Imports/course_outcome_close")): Object: 'Object Repository/Faculty/Imports/course_outcome_close' is focused

2021-03-08 18:09:56 - [MESSAGE][PASSED] - Object: 'Object Repository/Faculty/Imports/course_outcome_close' is focused

2021-03-08 18:09:56 - [TEST_STEP][PASSED] - delay(2): Delayed 2 second(s)

2021-03-08 18:09:58 - [MESSAGE][PASSED] - Delayed 2 second(s)

2021-03-08 18:09:58 - [TEST_STEP][PASSED] - takeScreenshot(): Taking screenshot successfully

2021-03-08 18:09:59 - [MESSAGE][PASSED] - Taking screenshot successfully
[[ATTACHMENT|C:\\Users\\PVs\\Katalon Studio\\Portal_OEC\\Reports\\20210308_180929\\Faculty E2E\\20210308_180929\\1615207198840.png]]

2021-03-08 18:09:59 - [TEST_STEP][PASSED] - click(findTestObject("Faculty/Imports/course_outcome_close")): Object: 'Object Repository/Faculty/Imports/course_outcome_close' is clicked on

2021-03-08 18:09:59 - [MESSAGE][PASSED] - Object: 'Object Repository/Faculty/Imports/course_outcome_close' is clicked on

2021-03-08 18:09:59 - [TEST_STEP][PASSED] - click(findTestObject("Faculty/Imports/subject_exp")): Object: 'Object Repository/Faculty/Imports/subject_exp' is clicked on

2021-03-08 18:10:00 - [MESSAGE][PASSED] - Object: 'Object Repository/Faculty/Imports/subject_exp' is clicked on

2021-03-08 18:10:00 - [TEST_STEP][PASSED] - focus(findTestObject("Faculty/Imports/subject_exp_close")): Object: 'Object Repository/Faculty/Imports/subject_exp_close' is focused

2021-03-08 18:10:01 - [MESSAGE][PASSED] - Object: 'Object Repository/Faculty/Imports/subject_exp_close' is focused

2021-03-08 18:10:01 - [TEST_STEP][PASSED] - delay(2): Delayed 2 second(s)

2021-03-08 18:10:03 - [MESSAGE][PASSED] - Delayed 2 second(s)

2021-03-08 18:10:03 - [TEST_STEP][PASSED] - takeScreenshot(): Taking screenshot successfully

2021-03-08 18:10:04 - [MESSAGE][PASSED] - Taking screenshot successfully
[[ATTACHMENT|C:\\Users\\PVs\\Katalon Studio\\Portal_OEC\\Reports\\20210308_180929\\Faculty E2E\\20210308_180929\\1615207203738.png]]

2021-03-08 18:10:04 - [TEST_STEP][PASSED] - click(findTestObject("Faculty/Imports/subject_exp_close")): Object: 'Object Repository/Faculty/Imports/subject_exp_close' is clicked on

2021-03-08 18:10:04 - [MESSAGE][PASSED] - Object: 'Object Repository/Faculty/Imports/subject_exp_close' is clicked on

2021-03-08 18:10:04 - [TEST_STEP][PASSED] - click(findTestObject("Faculty/Imports/a_Dashboard")): Object: 'Object Repository/Faculty/Imports/a_Dashboard' is clicked on

2021-03-08 18:10:05 - [MESSAGE][PASSED] - Object: 'Object Repository/Faculty/Imports/a_Dashboard' is clicked on

2021-03-08 18:10:05 - [TEST_STEP][PASSED] - click(findTestObject("Faculty/Imports/svg_Dr PC Senthil Mahesh_svg-inline--fa fa-_fb601b")): Object: 'Object Repository/Faculty/Imports/svg_Dr PC Senthil Mahesh_svg-inline--fa fa-_fb601b' is clicked on

2021-03-08 18:10:06 - [MESSAGE][PASSED] - Object: 'Object Repository/Faculty/Imports/svg_Dr PC Senthil Mahesh_svg-inline--fa fa-_fb601b' is clicked on

2021-03-08 18:10:06 - [TEST_STEP][PASSED] - click(findTestObject("Faculty/Imports/button_logout")): Object: 'Object Repository/Faculty/Imports/button_logout' is clicked on

2021-03-08 18:10:07 - [MESSAGE][PASSED] - Object: 'Object Repository/Faculty/Imports/button_logout' is clicked on

2021-03-08 18:10:07 - [TEST_STEP][PASSED] - closeBrowser(): Browser is closed

2021-03-08 18:10:08 - [MESSAGE][PASSED] - Browser is closed]]></system-out>
         <system-err><![CDATA[]]></system-err>
      </testcase>
      <testcase name="Test Cases/Web/Faculty/Notifications" time="19.438" classname="Test Cases/Web/Faculty/Notifications" status="PASSED">
         <system-out><![CDATA[2021-03-08 18:10:08 - [TEST_CASE][PASSED] - Test Cases/Web/Faculty/Notifications: Test Cases/Web/Faculty/Notifications

2021-03-08 18:10:08 - [TEST_STEP][PASSED] - openBrowser(""): Browser is opened with url: ''

2021-03-08 18:10:08 - [MESSAGE][INFO] - Starting 'Chrome' driver

2021-03-08 18:10:08 - [MESSAGE][INFO] - User set preference: ['args', '[--allow-running-insecure-content, --start-maximized]']

2021-03-08 18:10:08 - [MESSAGE][INFO] - Action delay is set to 400 milliseconds

2021-03-08 18:10:10 - [MESSAGE][PASSED] - Browser is opened with url: ''

2021-03-08 18:10:10 - [TEST_STEP][PASSED] - navigateToUrl("https://oecfrontend.vercel.app/"): Navigate to 'https://oecfrontend.vercel.app/' successfully

2021-03-08 18:10:11 - [MESSAGE][PASSED] - Navigate to 'https://oecfrontend.vercel.app/' successfully

2021-03-08 18:10:11 - [TEST_STEP][PASSED] - setText(findTestObject("Object Repository/Faculty/Notifications/input_Faculty Login_username"), "AITS051002"): Text 'AITS051002' is set on object 'Object Repository/Faculty/Notifications/input_Faculty Login_username'

2021-03-08 18:10:12 - [MESSAGE][PASSED] - Text 'AITS051002' is set on object 'Object Repository/Faculty/Notifications/input_Faculty Login_username'

2021-03-08 18:10:12 - [TEST_STEP][PASSED] - setEncryptedText(findTestObject("Object Repository/Faculty/Notifications/input_Faculty Login_password"), "/HuGEUzXDLUt1zEZ6TwafQ=="): Text ****** has been set on object 'Object Repository/Faculty/Notifications/input_Faculty Login_password'

2021-03-08 18:10:14 - [MESSAGE][PASSED] - Text ****** has been set on object 'Object Repository/Faculty/Notifications/input_Faculty Login_password'

2021-03-08 18:10:14 - [TEST_STEP][PASSED] - click(findTestObject("Object Repository/Faculty/Notifications/button_Login")): Object: 'Object Repository/Faculty/Notifications/button_Login' is clicked on

2021-03-08 18:10:15 - [MESSAGE][PASSED] - Object: 'Object Repository/Faculty/Notifications/button_Login' is clicked on

2021-03-08 18:10:15 - [TEST_STEP][PASSED] - click(findTestObject("Faculty/Imports/svg_Dr PC Senthil Mahesh_svg-inline--fa fa-_fb601b")): Object: 'Object Repository/Faculty/Imports/svg_Dr PC Senthil Mahesh_svg-inline--fa fa-_fb601b' is clicked on

2021-03-08 18:10:16 - [MESSAGE][PASSED] - Object: 'Object Repository/Faculty/Imports/svg_Dr PC Senthil Mahesh_svg-inline--fa fa-_fb601b' is clicked on

2021-03-08 18:10:16 - [TEST_STEP][PASSED] - click(findTestObject("Faculty/Imports/div_Role ()AdminFacultyHOD")): Object: 'Object Repository/Faculty/Imports/div_Role ()AdminFacultyHOD' is clicked on

2021-03-08 18:10:17 - [MESSAGE][PASSED] - Object: 'Object Repository/Faculty/Imports/div_Role ()AdminFacultyHOD' is clicked on

2021-03-08 18:10:17 - [TEST_STEP][PASSED] - click(findTestObject("Faculty/Imports/svg_Dr PC Senthil Mahesh_svg-inline--fa fa-_fb601b")): Object: 'Object Repository/Faculty/Imports/svg_Dr PC Senthil Mahesh_svg-inline--fa fa-_fb601b' is clicked on

2021-03-08 18:10:18 - [MESSAGE][PASSED] - Object: 'Object Repository/Faculty/Imports/svg_Dr PC Senthil Mahesh_svg-inline--fa fa-_fb601b' is clicked on

2021-03-08 18:10:18 - [TEST_STEP][PASSED] - click(findTestObject("Object Repository/Faculty/Notifications/a_Faculty")): Object: 'Object Repository/Faculty/Notifications/a_Faculty' is clicked on

2021-03-08 18:10:19 - [MESSAGE][PASSED] - Object: 'Object Repository/Faculty/Notifications/a_Faculty' is clicked on

2021-03-08 18:10:19 - [TEST_STEP][PASSED] - click(findTestObject("Object Repository/Faculty/Notifications/img")): Object: 'Object Repository/Faculty/Notifications/img' is clicked on

2021-03-08 18:10:20 - [MESSAGE][PASSED] - Object: 'Object Repository/Faculty/Notifications/img' is clicked on

2021-03-08 18:10:20 - [TEST_STEP][PASSED] - click(findTestObject("Object Repository/Faculty/Notifications/button_View Incoming Requests")): Object: 'Object Repository/Faculty/Notifications/button_View Incoming Requests' is clicked on

2021-03-08 18:10:21 - [MESSAGE][PASSED] - Object: 'Object Repository/Faculty/Notifications/button_View Incoming Requests' is clicked on

2021-03-08 18:10:21 - [TEST_STEP][PASSED] - delay(1): Delayed 1 second(s)

2021-03-08 18:10:22 - [MESSAGE][PASSED] - Delayed 1 second(s)

2021-03-08 18:10:22 - [TEST_STEP][PASSED] - takeScreenshot(): Taking screenshot successfully

2021-03-08 18:10:22 - [MESSAGE][PASSED] - Taking screenshot successfully
[[ATTACHMENT|C:\\Users\\PVs\\Katalon Studio\\Portal_OEC\\Reports\\20210308_180929\\Faculty E2E\\20210308_180929\\1615207222640.png]]

2021-03-08 18:10:22 - [TEST_STEP][PASSED] - click(findTestObject("Object Repository/Faculty/Notifications/button_View Outgoing Requests")): Object: 'Object Repository/Faculty/Notifications/button_View Outgoing Requests' is clicked on

2021-03-08 18:10:23 - [MESSAGE][PASSED] - Object: 'Object Repository/Faculty/Notifications/button_View Outgoing Requests' is clicked on

2021-03-08 18:10:23 - [TEST_STEP][PASSED] - delay(1): Delayed 1 second(s)

2021-03-08 18:10:24 - [MESSAGE][PASSED] - Delayed 1 second(s)

2021-03-08 18:10:24 - [TEST_STEP][PASSED] - takeScreenshot(): Taking screenshot successfully

2021-03-08 18:10:25 - [MESSAGE][PASSED] - Taking screenshot successfully
[[ATTACHMENT|C:\\Users\\PVs\\Katalon Studio\\Portal_OEC\\Reports\\20210308_180929\\Faculty E2E\\20210308_180929\\1615207225122.png]]

2021-03-08 18:10:25 - [TEST_STEP][PASSED] - click(findTestObject("Object Repository/Faculty/Notifications/svg_Dr. P.C. Senthil Mahesh_svg-inline--fa _bc1b97")): Object: 'Object Repository/Faculty/Notifications/svg_Dr. P.C. Senthil Mahesh_svg-inline--fa _bc1b97' is clicked on

2021-03-08 18:10:26 - [MESSAGE][PASSED] - Object: 'Object Repository/Faculty/Notifications/svg_Dr. P.C. Senthil Mahesh_svg-inline--fa _bc1b97' is clicked on

2021-03-08 18:10:26 - [TEST_STEP][PASSED] - click(findTestObject("Object Repository/Faculty/Notifications/button_logout")): Object: 'Object Repository/Faculty/Notifications/button_logout' is clicked on

2021-03-08 18:10:27 - [MESSAGE][PASSED] - Object: 'Object Repository/Faculty/Notifications/button_logout' is clicked on

2021-03-08 18:10:27 - [TEST_STEP][PASSED] - closeBrowser(): Browser is closed

2021-03-08 18:10:28 - [MESSAGE][PASSED] - Browser is closed]]></system-out>
         <system-err><![CDATA[]]></system-err>
      </testcase>
      <testcase name="Test Cases/Web/Faculty/Profile" time="39.942" classname="Test Cases/Web/Faculty/Profile" status="PASSED">
         <system-out><![CDATA[2021-03-08 18:10:28 - [TEST_CASE][PASSED] - Test Cases/Web/Faculty/Profile: Test Cases/Web/Faculty/Profile

2021-03-08 18:10:28 - [TEST_STEP][PASSED] - openBrowser(""): Browser is opened with url: ''

2021-03-08 18:10:28 - [MESSAGE][INFO] - Starting 'Chrome' driver

2021-03-08 18:10:28 - [MESSAGE][INFO] - User set preference: ['args', '[--allow-running-insecure-content, --start-maximized]']

2021-03-08 18:10:28 - [MESSAGE][INFO] - Action delay is set to 400 milliseconds

2021-03-08 18:10:29 - [MESSAGE][PASSED] - Browser is opened with url: ''

2021-03-08 18:10:29 - [TEST_STEP][PASSED] - navigateToUrl("https://oecfrontend.vercel.app/"): Navigate to 'https://oecfrontend.vercel.app/' successfully

2021-03-08 18:10:31 - [MESSAGE][PASSED] - Navigate to 'https://oecfrontend.vercel.app/' successfully

2021-03-08 18:10:31 - [TEST_STEP][PASSED] - setText(findTestObject("Object Repository/Faculty/Profile/input_Faculty Login_username"), "AITS051002"): Text 'AITS051002' is set on object 'Object Repository/Faculty/Profile/input_Faculty Login_username'

2021-03-08 18:10:32 - [MESSAGE][PASSED] - Text 'AITS051002' is set on object 'Object Repository/Faculty/Profile/input_Faculty Login_username'

2021-03-08 18:10:32 - [TEST_STEP][PASSED] - setEncryptedText(findTestObject("Object Repository/Faculty/Profile/input_Faculty Login_password"), "/HuGEUzXDLUt1zEZ6TwafQ=="): Text ****** has been set on object 'Object Repository/Faculty/Profile/input_Faculty Login_password'

2021-03-08 18:10:34 - [MESSAGE][PASSED] - Text ****** has been set on object 'Object Repository/Faculty/Profile/input_Faculty Login_password'

2021-03-08 18:10:34 - [TEST_STEP][PASSED] - click(findTestObject("Object Repository/Faculty/Profile/button_Login")): Object: 'Object Repository/Faculty/Profile/button_Login' is clicked on

2021-03-08 18:10:35 - [MESSAGE][PASSED] - Object: 'Object Repository/Faculty/Profile/button_Login' is clicked on

2021-03-08 18:10:35 - [TEST_STEP][PASSED] - click(findTestObject("Object Repository/Faculty/Profile/svg_Dr. P.C. Senthil Mahesh_svg-inline--fa _bc1b97")): Object: 'Object Repository/Faculty/Profile/svg_Dr. P.C. Senthil Mahesh_svg-inline--fa _bc1b97' is clicked on

2021-03-08 18:10:36 - [MESSAGE][PASSED] - Object: 'Object Repository/Faculty/Profile/svg_Dr. P.C. Senthil Mahesh_svg-inline--fa _bc1b97' is clicked on

2021-03-08 18:10:36 - [TEST_STEP][PASSED] - click(findTestObject("Object Repository/Faculty/Profile/div_Role ()AdminFacultyHOD")): Object: 'Object Repository/Faculty/Profile/div_Role ()AdminFacultyHOD' is clicked on

2021-03-08 18:10:37 - [MESSAGE][PASSED] - Object: 'Object Repository/Faculty/Profile/div_Role ()AdminFacultyHOD' is clicked on

2021-03-08 18:10:37 - [TEST_STEP][PASSED] - click(findTestObject("Object Repository/Faculty/Profile/svg_Dr. P.C. Senthil Mahesh_svg-inline--fa _bc1b97")): Object: 'Object Repository/Faculty/Profile/svg_Dr. P.C. Senthil Mahesh_svg-inline--fa _bc1b97' is clicked on

2021-03-08 18:10:38 - [MESSAGE][PASSED] - Object: 'Object Repository/Faculty/Profile/svg_Dr. P.C. Senthil Mahesh_svg-inline--fa _bc1b97' is clicked on

2021-03-08 18:10:38 - [TEST_STEP][PASSED] - click(findTestObject("Object Repository/Faculty/Profile/a_Faculty")): Object: 'Object Repository/Faculty/Profile/a_Faculty' is clicked on

2021-03-08 18:10:39 - [MESSAGE][PASSED] - Object: 'Object Repository/Faculty/Profile/a_Faculty' is clicked on

2021-03-08 18:10:39 - [TEST_STEP][PASSED] - click(findTestObject("Object Repository/Faculty/Profile/img")): Object: 'Object Repository/Faculty/Profile/img' is clicked on

2021-03-08 18:10:40 - [MESSAGE][PASSED] - Object: 'Object Repository/Faculty/Profile/img' is clicked on

2021-03-08 18:10:40 - [TEST_STEP][PASSED] - click(findTestObject("Object Repository/Faculty/Profile/button_Change Profile Information")): Object: 'Object Repository/Faculty/Profile/button_Change Profile Information' is clicked on

2021-03-08 18:10:41 - [MESSAGE][PASSED] - Object: 'Object Repository/Faculty/Profile/button_Change Profile Information' is clicked on

2021-03-08 18:10:41 - [TEST_STEP][PASSED] - doubleClick(findTestObject("Object Repository/Faculty/Profile/input_JNTUA No._jntuhID")): Object: 'Object Repository/Faculty/Profile/input_JNTUA No._jntuhID' is double clicked on

2021-03-08 18:10:42 - [MESSAGE][PASSED] - Object: 'Object Repository/Faculty/Profile/input_JNTUA No._jntuhID' is double clicked on

2021-03-08 18:10:42 - [TEST_STEP][PASSED] - setText(findTestObject("Object Repository/Faculty/Profile/input_JNTUA No._jntuhID"), "123455678"): Text '123455678' is set on object 'Object Repository/Faculty/Profile/input_JNTUA No._jntuhID'

2021-03-08 18:10:44 - [MESSAGE][PASSED] - Text '123455678' is set on object 'Object Repository/Faculty/Profile/input_JNTUA No._jntuhID'

2021-03-08 18:10:44 - [TEST_STEP][PASSED] - click(findTestObject("Object Repository/Faculty/Profile/button_Update")): Object: 'Object Repository/Faculty/Profile/button_Update' is clicked on

2021-03-08 18:10:44 - [MESSAGE][PASSED] - Object: 'Object Repository/Faculty/Profile/button_Update' is clicked on

2021-03-08 18:10:44 - [TEST_STEP][PASSED] - takeScreenshot(): Taking screenshot successfully

2021-03-08 18:10:45 - [MESSAGE][PASSED] - Taking screenshot successfully
[[ATTACHMENT|C:\\Users\\PVs\\Katalon Studio\\Portal_OEC\\Reports\\20210308_180929\\Faculty E2E\\20210308_180929\\1615207245356.png]]

2021-03-08 18:10:45 - [TEST_STEP][PASSED] - click(findTestObject("Object Repository/Faculty/Profile/button_Contact Details")): Object: 'Object Repository/Faculty/Profile/button_Contact Details' is clicked on

2021-03-08 18:10:46 - [MESSAGE][PASSED] - Object: 'Object Repository/Faculty/Profile/button_Contact Details' is clicked on

2021-03-08 18:10:46 - [TEST_STEP][PASSED] - click(findTestObject("Faculty/Profile/button_Change Contact Information")): Object: 'Object Repository/Faculty/Profile/button_Change Contact Information' is clicked on

2021-03-08 18:10:47 - [MESSAGE][PASSED] - Object: 'Object Repository/Faculty/Profile/button_Change Contact Information' is clicked on

2021-03-08 18:10:47 - [TEST_STEP][PASSED] - doubleClick(findTestObject("Object Repository/Faculty/Profile/input_Mobile No_mobileNumber")): Object: 'Object Repository/Faculty/Profile/input_Mobile No_mobileNumber' is double clicked on

2021-03-08 18:10:47 - [MESSAGE][PASSED] - Object: 'Object Repository/Faculty/Profile/input_Mobile No_mobileNumber' is double clicked on

2021-03-08 18:10:47 - [TEST_STEP][PASSED] - setText(findTestObject("Object Repository/Faculty/Profile/input_Mobile No_mobileNumber"), "09248708087"): Text '09248708087' is set on object 'Object Repository/Faculty/Profile/input_Mobile No_mobileNumber'

2021-03-08 18:10:49 - [MESSAGE][PASSED] - Text '09248708087' is set on object 'Object Repository/Faculty/Profile/input_Mobile No_mobileNumber'

2021-03-08 18:10:49 - [TEST_STEP][PASSED] - click(findTestObject("Object Repository/Faculty/Profile/button_Update Contact Details")): Object: 'Object Repository/Faculty/Profile/button_Update Contact Details' is clicked on

2021-03-08 18:10:50 - [MESSAGE][PASSED] - Object: 'Object Repository/Faculty/Profile/button_Update Contact Details' is clicked on

2021-03-08 18:10:50 - [TEST_STEP][PASSED] - takeScreenshot(): Taking screenshot successfully

2021-03-08 18:10:51 - [MESSAGE][PASSED] - Taking screenshot successfully
[[ATTACHMENT|C:\\Users\\PVs\\Katalon Studio\\Portal_OEC\\Reports\\20210308_180929\\Faculty E2E\\20210308_180929\\1615207250974.png]]

2021-03-08 18:10:51 - [TEST_STEP][PASSED] - click(findTestObject("Object Repository/Faculty/Profile/button_Book Publications")): Object: 'Object Repository/Faculty/Profile/button_Book Publications' is clicked on

2021-03-08 18:10:52 - [MESSAGE][PASSED] - Object: 'Object Repository/Faculty/Profile/button_Book Publications' is clicked on

2021-03-08 18:10:52 - [TEST_STEP][PASSED] - takeScreenshot(): Taking screenshot successfully

2021-03-08 18:10:52 - [MESSAGE][PASSED] - Taking screenshot successfully
[[ATTACHMENT|C:\\Users\\PVs\\Katalon Studio\\Portal_OEC\\Reports\\20210308_180929\\Faculty E2E\\20210308_180929\\1615207252403.png]]

2021-03-08 18:10:52 - [TEST_STEP][PASSED] - click(findTestObject("Object Repository/Faculty/Profile/button_Journal Publications")): Object: 'Object Repository/Faculty/Profile/button_Journal Publications' is clicked on

2021-03-08 18:10:53 - [MESSAGE][PASSED] - Object: 'Object Repository/Faculty/Profile/button_Journal Publications' is clicked on

2021-03-08 18:10:53 - [TEST_STEP][PASSED] - takeScreenshot(): Taking screenshot successfully

2021-03-08 18:10:54 - [MESSAGE][PASSED] - Taking screenshot successfully
[[ATTACHMENT|C:\\Users\\PVs\\Katalon Studio\\Portal_OEC\\Reports\\20210308_180929\\Faculty E2E\\20210308_180929\\1615207253882.png]]

2021-03-08 18:10:54 - [TEST_STEP][PASSED] - click(findTestObject("Object Repository/Faculty/Profile/button_Research Guidlance")): Object: 'Object Repository/Faculty/Profile/button_Research Guidlance' is clicked on

2021-03-08 18:10:55 - [MESSAGE][PASSED] - Object: 'Object Repository/Faculty/Profile/button_Research Guidlance' is clicked on

2021-03-08 18:10:55 - [TEST_STEP][PASSED] - takeScreenshot(): Taking screenshot successfully

2021-03-08 18:10:55 - [MESSAGE][PASSED] - Taking screenshot successfully
[[ATTACHMENT|C:\\Users\\PVs\\Katalon Studio\\Portal_OEC\\Reports\\20210308_180929\\Faculty E2E\\20210308_180929\\1615207255322.png]]

2021-03-08 18:10:55 - [TEST_STEP][PASSED] - click(findTestObject("Object Repository/Faculty/Profile/span_ MORE")): Object: 'Object Repository/Faculty/Profile/span_ MORE' is clicked on

2021-03-08 18:10:56 - [MESSAGE][PASSED] - Object: 'Object Repository/Faculty/Profile/span_ MORE' is clicked on

2021-03-08 18:10:56 - [TEST_STEP][PASSED] - click(findTestObject("Object Repository/Faculty/Profile/button_Workshop Details")): Object: 'Object Repository/Faculty/Profile/button_Workshop Details' is clicked on

2021-03-08 18:10:57 - [MESSAGE][PASSED] - Object: 'Object Repository/Faculty/Profile/button_Workshop Details' is clicked on

2021-03-08 18:10:57 - [TEST_STEP][PASSED] - takeScreenshot(): Taking screenshot successfully

2021-03-08 18:10:58 - [MESSAGE][PASSED] - Taking screenshot successfully
[[ATTACHMENT|C:\\Users\\PVs\\Katalon Studio\\Portal_OEC\\Reports\\20210308_180929\\Faculty E2E\\20210308_180929\\1615207257956.png]]

2021-03-08 18:10:58 - [TEST_STEP][PASSED] - click(findTestObject("Object Repository/Faculty/Profile/span_ MORE")): Object: 'Object Repository/Faculty/Profile/span_ MORE' is clicked on

2021-03-08 18:10:59 - [MESSAGE][PASSED] - Object: 'Object Repository/Faculty/Profile/span_ MORE' is clicked on

2021-03-08 18:10:59 - [TEST_STEP][PASSED] - click(findTestObject("Object Repository/Faculty/Profile/button_Grant Received")): Object: 'Object Repository/Faculty/Profile/button_Grant Received' is clicked on

2021-03-08 18:11:00 - [MESSAGE][PASSED] - Object: 'Object Repository/Faculty/Profile/button_Grant Received' is clicked on

2021-03-08 18:11:00 - [TEST_STEP][PASSED] - takeScreenshot(): Taking screenshot successfully

2021-03-08 18:11:00 - [MESSAGE][PASSED] - Taking screenshot successfully
[[ATTACHMENT|C:\\Users\\PVs\\Katalon Studio\\Portal_OEC\\Reports\\20210308_180929\\Faculty E2E\\20210308_180929\\1615207260575.png]]

2021-03-08 18:11:00 - [TEST_STEP][PASSED] - click(findTestObject("Object Repository/Faculty/Profile/span_ MORE")): Object: 'Object Repository/Faculty/Profile/span_ MORE' is clicked on

2021-03-08 18:11:01 - [MESSAGE][PASSED] - Object: 'Object Repository/Faculty/Profile/span_ MORE' is clicked on

2021-03-08 18:11:01 - [TEST_STEP][PASSED] - click(findTestObject("Object Repository/Faculty/Profile/button_Conferences")): Object: 'Object Repository/Faculty/Profile/button_Conferences' is clicked on

2021-03-08 18:11:02 - [MESSAGE][PASSED] - Object: 'Object Repository/Faculty/Profile/button_Conferences' is clicked on

2021-03-08 18:11:02 - [TEST_STEP][PASSED] - takeScreenshot(): Taking screenshot successfully

2021-03-08 18:11:03 - [MESSAGE][PASSED] - Taking screenshot successfully
[[ATTACHMENT|C:\\Users\\PVs\\Katalon Studio\\Portal_OEC\\Reports\\20210308_180929\\Faculty E2E\\20210308_180929\\1615207263162.png]]

2021-03-08 18:11:03 - [TEST_STEP][PASSED] - click(findTestObject("Object Repository/Faculty/Profile/span_ MORE")): Object: 'Object Repository/Faculty/Profile/span_ MORE' is clicked on

2021-03-08 18:11:04 - [MESSAGE][PASSED] - Object: 'Object Repository/Faculty/Profile/span_ MORE' is clicked on

2021-03-08 18:11:04 - [TEST_STEP][PASSED] - click(findTestObject("Object Repository/Faculty/Profile/button_Ph.D Details")): Object: 'Object Repository/Faculty/Profile/button_Ph.D Details' is clicked on

2021-03-08 18:11:05 - [MESSAGE][PASSED] - Object: 'Object Repository/Faculty/Profile/button_Ph.D Details' is clicked on

2021-03-08 18:11:05 - [TEST_STEP][PASSED] - takeScreenshot(): Taking screenshot successfully

2021-03-08 18:11:06 - [MESSAGE][PASSED] - Taking screenshot successfully
[[ATTACHMENT|C:\\Users\\PVs\\Katalon Studio\\Portal_OEC\\Reports\\20210308_180929\\Faculty E2E\\20210308_180929\\1615207265819.png]]

2021-03-08 18:11:06 - [TEST_STEP][PASSED] - click(findTestObject("Object Repository/Faculty/Mentoring/svg_Dr. P.C. Senthil Mahesh_svg-inline--fa _bc1b97")): Object: 'Object Repository/Faculty/Mentoring/svg_Dr. P.C. Senthil Mahesh_svg-inline--fa _bc1b97' is clicked on

2021-03-08 18:11:07 - [MESSAGE][PASSED] - Object: 'Object Repository/Faculty/Mentoring/svg_Dr. P.C. Senthil Mahesh_svg-inline--fa _bc1b97' is clicked on

2021-03-08 18:11:07 - [TEST_STEP][PASSED] - click(findTestObject("Object Repository/Faculty/Mentoring/button_logout")): Object: 'Object Repository/Faculty/Mentoring/button_logout' is clicked on

2021-03-08 18:11:07 - [MESSAGE][PASSED] - Object: 'Object Repository/Faculty/Mentoring/button_logout' is clicked on]]></system-out>
         <system-err><![CDATA[]]></system-err>
      </testcase>
      <testcase name="Test Cases/Web/Faculty/Allocated Courses" time="30.051" classname="Test Cases/Web/Faculty/Allocated Courses" status="PASSED">
         <system-out><![CDATA[2021-03-08 18:11:07 - [TEST_CASE][PASSED] - Test Cases/Web/Faculty/Allocated Courses: Test Cases/Web/Faculty/Allocated Courses

2021-03-08 18:11:08 - [TEST_STEP][PASSED] - openBrowser(""): Browser is opened with url: ''

2021-03-08 18:11:08 - [MESSAGE][WARNING] - A browser is already opened. Closing browser and opening a new one

2021-03-08 18:11:09 - [MESSAGE][INFO] - Starting 'Chrome' driver

2021-03-08 18:11:09 - [MESSAGE][INFO] - User set preference: ['args', '[--allow-running-insecure-content, --start-maximized]']

2021-03-08 18:11:09 - [MESSAGE][INFO] - Action delay is set to 400 milliseconds

2021-03-08 18:11:11 - [MESSAGE][PASSED] - Browser is opened with url: ''

2021-03-08 18:11:11 - [TEST_STEP][PASSED] - navigateToUrl("https://oecfrontend.vercel.app/"): Navigate to 'https://oecfrontend.vercel.app/' successfully

2021-03-08 18:11:12 - [MESSAGE][PASSED] - Navigate to 'https://oecfrontend.vercel.app/' successfully

2021-03-08 18:11:12 - [TEST_STEP][PASSED] - setText(findTestObject("Object Repository/Faculty/Allocated Courses/input_Faculty Login_username"), "AITS051002"): Text 'AITS051002' is set on object 'Object Repository/Faculty/Allocated Courses/input_Faculty Login_username'

2021-03-08 18:11:13 - [MESSAGE][PASSED] - Text 'AITS051002' is set on object 'Object Repository/Faculty/Allocated Courses/input_Faculty Login_username'

2021-03-08 18:11:13 - [TEST_STEP][PASSED] - setEncryptedText(findTestObject("Object Repository/Faculty/Allocated Courses/input_Faculty Login_password"), "/HuGEUzXDLUt1zEZ6TwafQ=="): Text ****** has been set on object 'Object Repository/Faculty/Allocated Courses/input_Faculty Login_password'

2021-03-08 18:11:15 - [MESSAGE][PASSED] - Text ****** has been set on object 'Object Repository/Faculty/Allocated Courses/input_Faculty Login_password'

2021-03-08 18:11:15 - [TEST_STEP][PASSED] - click(findTestObject("Faculty/Imports/button_Login")): Object: 'Object Repository/Faculty/Imports/button_Login' is clicked on

2021-03-08 18:11:15 - [MESSAGE][PASSED] - Object: 'Object Repository/Faculty/Imports/button_Login' is clicked on

2021-03-08 18:11:15 - [TEST_STEP][PASSED] - click(findTestObject("Faculty/Imports/svg_Dr PC Senthil Mahesh_svg-inline--fa fa-_fb601b")): Object: 'Object Repository/Faculty/Imports/svg_Dr PC Senthil Mahesh_svg-inline--fa fa-_fb601b' is clicked on

2021-03-08 18:11:17 - [MESSAGE][PASSED] - Object: 'Object Repository/Faculty/Imports/svg_Dr PC Senthil Mahesh_svg-inline--fa fa-_fb601b' is clicked on

2021-03-08 18:11:17 - [TEST_STEP][PASSED] - click(findTestObject("Faculty/Imports/div_Role ()AdminFacultyHOD")): Object: 'Object Repository/Faculty/Imports/div_Role ()AdminFacultyHOD' is clicked on

2021-03-08 18:11:18 - [MESSAGE][PASSED] - Object: 'Object Repository/Faculty/Imports/div_Role ()AdminFacultyHOD' is clicked on

2021-03-08 18:11:18 - [TEST_STEP][PASSED] - click(findTestObject("Faculty/Imports/svg_Dr PC Senthil Mahesh_svg-inline--fa fa-_fb601b")): Object: 'Object Repository/Faculty/Imports/svg_Dr PC Senthil Mahesh_svg-inline--fa fa-_fb601b' is clicked on

2021-03-08 18:11:19 - [MESSAGE][PASSED] - Object: 'Object Repository/Faculty/Imports/svg_Dr PC Senthil Mahesh_svg-inline--fa fa-_fb601b' is clicked on

2021-03-08 18:11:19 - [TEST_STEP][PASSED] - click(findTestObject("Faculty/Imports/a_Faculty")): Object: 'Object Repository/Faculty/Imports/a_Faculty' is clicked on

2021-03-08 18:11:20 - [MESSAGE][PASSED] - Object: 'Object Repository/Faculty/Imports/a_Faculty' is clicked on

2021-03-08 18:11:20 - [TEST_STEP][PASSED] - delay(2): Delayed 2 second(s)

2021-03-08 18:11:22 - [MESSAGE][PASSED] - Delayed 2 second(s)

2021-03-08 18:11:22 - [TEST_STEP][PASSED] - click(findTestObject("Object Repository/Faculty/Allocated Courses/img")): Object: 'Object Repository/Faculty/Allocated Courses/img' is clicked on

2021-03-08 18:11:22 - [MESSAGE][PASSED] - Object: 'Object Repository/Faculty/Allocated Courses/img' is clicked on

2021-03-08 18:11:22 - [TEST_STEP][PASSED] - click(findTestObject("Object Repository/Faculty/Allocated Courses/button_Reference")): Object: 'Object Repository/Faculty/Allocated Courses/button_Reference' is clicked on

2021-03-08 18:11:25 - [MESSAGE][PASSED] - Object: 'Object Repository/Faculty/Allocated Courses/button_Reference' is clicked on

2021-03-08 18:11:25 - [TEST_STEP][PASSED] - click(findTestObject("Object Repository/Faculty/Allocated Courses/button_Reference Books")): Object: 'Object Repository/Faculty/Allocated Courses/button_Reference Books' is clicked on

2021-03-08 18:11:26 - [MESSAGE][PASSED] - Object: 'Object Repository/Faculty/Allocated Courses/button_Reference Books' is clicked on

2021-03-08 18:11:26 - [TEST_STEP][PASSED] - click(findTestObject("Object Repository/Faculty/Allocated Courses/button_External Resource Links  Notes")): Object: 'Object Repository/Faculty/Allocated Courses/button_External Resource Links  Notes' is clicked on

2021-03-08 18:11:27 - [MESSAGE][PASSED] - Object: 'Object Repository/Faculty/Allocated Courses/button_External Resource Links  Notes' is clicked on

2021-03-08 18:11:27 - [TEST_STEP][PASSED] - takeScreenshot(): Taking screenshot successfully

2021-03-08 18:11:28 - [MESSAGE][PASSED] - Taking screenshot successfully
[[ATTACHMENT|C:\\Users\\PVs\\Katalon Studio\\Portal_OEC\\Reports\\20210308_180929\\Faculty E2E\\20210308_180929\\1615207288040.png]]

2021-03-08 18:11:28 - [TEST_STEP][PASSED] - focus(findTestObject("Faculty/Allocated Courses/Ref_close")): Object: 'Object Repository/Faculty/Allocated Courses/Ref_close' is focused

2021-03-08 18:11:28 - [MESSAGE][PASSED] - Object: 'Object Repository/Faculty/Allocated Courses/Ref_close' is focused

2021-03-08 18:11:28 - [TEST_STEP][PASSED] - click(findTestObject("Faculty/Allocated Courses/Ref_close")): Object: 'Object Repository/Faculty/Allocated Courses/Ref_close' is clicked on

2021-03-08 18:11:29 - [MESSAGE][PASSED] - Object: 'Object Repository/Faculty/Allocated Courses/Ref_close' is clicked on

2021-03-08 18:11:29 - [TEST_STEP][PASSED] - click(findTestObject("Object Repository/Faculty/Allocated Courses/button_CO-PO Mapping")): Object: 'Object Repository/Faculty/Allocated Courses/button_CO-PO Mapping' is clicked on

2021-03-08 18:11:30 - [MESSAGE][PASSED] - Object: 'Object Repository/Faculty/Allocated Courses/button_CO-PO Mapping' is clicked on

2021-03-08 18:11:30 - [TEST_STEP][PASSED] - takeScreenshot(): Taking screenshot successfully

2021-03-08 18:11:31 - [MESSAGE][PASSED] - Taking screenshot successfully
[[ATTACHMENT|C:\\Users\\PVs\\Katalon Studio\\Portal_OEC\\Reports\\20210308_180929\\Faculty E2E\\20210308_180929\\1615207291419.png]]

2021-03-08 18:11:31 - [TEST_STEP][PASSED] - focus(findTestObject("Faculty/Allocated Courses/CO-PO-Close")): Object: 'Object Repository/Faculty/Allocated Courses/CO-PO-Close' is focused

2021-03-08 18:11:32 - [MESSAGE][PASSED] - Object: 'Object Repository/Faculty/Allocated Courses/CO-PO-Close' is focused

2021-03-08 18:11:32 - [TEST_STEP][PASSED] - click(findTestObject("Faculty/Allocated Courses/CO-PO-Close")): Object: 'Object Repository/Faculty/Allocated Courses/CO-PO-Close' is clicked on

2021-03-08 18:11:33 - [MESSAGE][PASSED] - Object: 'Object Repository/Faculty/Allocated Courses/CO-PO-Close' is clicked on

2021-03-08 18:11:33 - [TEST_STEP][PASSED] - click(findTestObject("Object Repository/Faculty/Allocated Courses/button_Extra Class")): Object: 'Object Repository/Faculty/Allocated Courses/button_Extra Class' is clicked on

2021-03-08 18:11:33 - [MESSAGE][PASSED] - Object: 'Object Repository/Faculty/Allocated Courses/button_Extra Class' is clicked on

2021-03-08 18:11:33 - [TEST_STEP][PASSED] - takeScreenshot(): Taking screenshot successfully

2021-03-08 18:11:34 - [MESSAGE][PASSED] - Taking screenshot successfully
[[ATTACHMENT|C:\\Users\\PVs\\Katalon Studio\\Portal_OEC\\Reports\\20210308_180929\\Faculty E2E\\20210308_180929\\1615207294440.png]]

2021-03-08 18:11:34 - [TEST_STEP][PASSED] - focus(findTestObject("Faculty/Allocated Courses/Extra-class-Close")): Object: 'Object Repository/Faculty/Allocated Courses/Extra-class-Close' is focused

2021-03-08 18:11:35 - [MESSAGE][PASSED] - Object: 'Object Repository/Faculty/Allocated Courses/Extra-class-Close' is focused

2021-03-08 18:11:35 - [TEST_STEP][PASSED] - click(findTestObject("Faculty/Allocated Courses/Extra-class-Close")): Object: 'Object Repository/Faculty/Allocated Courses/Extra-class-Close' is clicked on

2021-03-08 18:11:36 - [MESSAGE][PASSED] - Object: 'Object Repository/Faculty/Allocated Courses/Extra-class-Close' is clicked on

2021-03-08 18:11:36 - [TEST_STEP][PASSED] - click(findTestObject("Faculty/Allocated Courses/svg_Dr. P.C. Senthil Mahesh_svg-inline--fa _bc1b97")): Object: 'Object Repository/Faculty/Allocated Courses/svg_Dr. P.C. Senthil Mahesh_svg-inline--fa _bc1b97' is clicked on

2021-03-08 18:11:37 - [MESSAGE][PASSED] - Object: 'Object Repository/Faculty/Allocated Courses/svg_Dr. P.C. Senthil Mahesh_svg-inline--fa _bc1b97' is clicked on

2021-03-08 18:11:37 - [TEST_STEP][PASSED] - click(findTestObject("Object Repository/Faculty/Allocated Courses/button_logout")): Object: 'Object Repository/Faculty/Allocated Courses/button_logout' is clicked on

2021-03-08 18:11:38 - [MESSAGE][PASSED] - Object: 'Object Repository/Faculty/Allocated Courses/button_logout' is clicked on]]></system-out>
         <system-err><![CDATA[]]></system-err>
      </testcase>
      <testcase name="Test Cases/Web/Faculty/Course Coordinator Allocation" time="22.114" classname="Test Cases/Web/Faculty/Course Coordinator Allocation" status="PASSED">
         <system-out><![CDATA[2021-03-08 18:11:38 - [TEST_CASE][PASSED] - Test Cases/Web/Faculty/Course Coordinator Allocation: Test Cases/Web/Faculty/Course Coordinator Allocation

2021-03-08 18:11:38 - [TEST_STEP][PASSED] - openBrowser(""): Browser is opened with url: ''

2021-03-08 18:11:38 - [MESSAGE][WARNING] - A browser is already opened. Closing browser and opening a new one

2021-03-08 18:11:39 - [MESSAGE][INFO] - Starting 'Chrome' driver

2021-03-08 18:11:39 - [MESSAGE][INFO] - User set preference: ['args', '[--allow-running-insecure-content, --start-maximized]']

2021-03-08 18:11:39 - [MESSAGE][INFO] - Action delay is set to 400 milliseconds

2021-03-08 18:11:40 - [MESSAGE][PASSED] - Browser is opened with url: ''

2021-03-08 18:11:40 - [TEST_STEP][PASSED] - navigateToUrl("https://oecfrontend.vercel.app/"): Navigate to 'https://oecfrontend.vercel.app/' successfully

2021-03-08 18:11:41 - [MESSAGE][PASSED] - Navigate to 'https://oecfrontend.vercel.app/' successfully

2021-03-08 18:11:41 - [TEST_STEP][PASSED] - setText(findTestObject("Object Repository/Faculty/Course Coordinator Allocation/input_Faculty Login_username"), "AITS051002"): Text 'AITS051002' is set on object 'Object Repository/Faculty/Course Coordinator Allocation/input_Faculty Login_username'

2021-03-08 18:11:43 - [MESSAGE][PASSED] - Text 'AITS051002' is set on object 'Object Repository/Faculty/Course Coordinator Allocation/input_Faculty Login_username'

2021-03-08 18:11:43 - [TEST_STEP][PASSED] - setEncryptedText(findTestObject("Object Repository/Faculty/Course Coordinator Allocation/input_Faculty Login_password"), "/HuGEUzXDLUt1zEZ6TwafQ=="): Text ****** has been set on object 'Object Repository/Faculty/Course Coordinator Allocation/input_Faculty Login_password'

2021-03-08 18:11:44 - [MESSAGE][PASSED] - Text ****** has been set on object 'Object Repository/Faculty/Course Coordinator Allocation/input_Faculty Login_password'

2021-03-08 18:11:44 - [TEST_STEP][PASSED] - click(findTestObject("Object Repository/Faculty/Course Coordinator Allocation/button_Login")): Object: 'Object Repository/Faculty/Course Coordinator Allocation/button_Login' is clicked on

2021-03-08 18:11:45 - [MESSAGE][PASSED] - Object: 'Object Repository/Faculty/Course Coordinator Allocation/button_Login' is clicked on

2021-03-08 18:11:45 - [TEST_STEP][PASSED] - click(findTestObject("Object Repository/Faculty/Profile/svg_Dr. P.C. Senthil Mahesh_svg-inline--fa _bc1b97")): Object: 'Object Repository/Faculty/Profile/svg_Dr. P.C. Senthil Mahesh_svg-inline--fa _bc1b97' is clicked on

2021-03-08 18:11:46 - [MESSAGE][PASSED] - Object: 'Object Repository/Faculty/Profile/svg_Dr. P.C. Senthil Mahesh_svg-inline--fa _bc1b97' is clicked on

2021-03-08 18:11:46 - [TEST_STEP][PASSED] - click(findTestObject("Object Repository/Faculty/Profile/div_Role ()AdminFacultyHOD")): Object: 'Object Repository/Faculty/Profile/div_Role ()AdminFacultyHOD' is clicked on

2021-03-08 18:11:47 - [MESSAGE][PASSED] - Object: 'Object Repository/Faculty/Profile/div_Role ()AdminFacultyHOD' is clicked on

2021-03-08 18:11:47 - [TEST_STEP][PASSED] - click(findTestObject("Object Repository/Faculty/Profile/svg_Dr. P.C. Senthil Mahesh_svg-inline--fa _bc1b97")): Object: 'Object Repository/Faculty/Profile/svg_Dr. P.C. Senthil Mahesh_svg-inline--fa _bc1b97' is clicked on

2021-03-08 18:11:48 - [MESSAGE][PASSED] - Object: 'Object Repository/Faculty/Profile/svg_Dr. P.C. Senthil Mahesh_svg-inline--fa _bc1b97' is clicked on

2021-03-08 18:11:48 - [TEST_STEP][PASSED] - click(findTestObject("Object Repository/Faculty/Profile/a_Faculty")): Object: 'Object Repository/Faculty/Profile/a_Faculty' is clicked on

2021-03-08 18:11:49 - [MESSAGE][PASSED] - Object: 'Object Repository/Faculty/Profile/a_Faculty' is clicked on

2021-03-08 18:11:49 - [TEST_STEP][PASSED] - click(findTestObject("Object Repository/Faculty/Course Coordinator Allocation/img")): Object: 'Object Repository/Faculty/Course Coordinator Allocation/img' is clicked on

2021-03-08 18:11:50 - [MESSAGE][PASSED] - Object: 'Object Repository/Faculty/Course Coordinator Allocation/img' is clicked on

2021-03-08 18:11:50 - [TEST_STEP][PASSED] - click(findTestObject("Object Repository/Faculty/Course Coordinator Allocation/button_Others")): Object: 'Object Repository/Faculty/Course Coordinator Allocation/button_Others' is clicked on

2021-03-08 18:11:52 - [MESSAGE][PASSED] - Object: 'Object Repository/Faculty/Course Coordinator Allocation/button_Others' is clicked on

2021-03-08 18:11:52 - [TEST_STEP][PASSED] - takeScreenshot(): Taking screenshot successfully

2021-03-08 18:11:53 - [MESSAGE][PASSED] - Taking screenshot successfully
[[ATTACHMENT|C:\\Users\\PVs\\Katalon Studio\\Portal_OEC\\Reports\\20210308_180929\\Faculty E2E\\20210308_180929\\1615207312867.png]]

2021-03-08 18:11:53 - [TEST_STEP][PASSED] - click(findTestObject("Object Repository/Faculty/Course Coordinator Allocation/button_CO-PO Mapping")): Object: 'Object Repository/Faculty/Course Coordinator Allocation/button_CO-PO Mapping' is clicked on

2021-03-08 18:11:54 - [MESSAGE][PASSED] - Object: 'Object Repository/Faculty/Course Coordinator Allocation/button_CO-PO Mapping' is clicked on

2021-03-08 18:11:54 - [TEST_STEP][PASSED] - takeScreenshot(): Taking screenshot successfully

2021-03-08 18:11:54 - [MESSAGE][PASSED] - Taking screenshot successfully
[[ATTACHMENT|C:\\Users\\PVs\\Katalon Studio\\Portal_OEC\\Reports\\20210308_180929\\Faculty E2E\\20210308_180929\\1615207314303.png]]

2021-03-08 18:11:54 - [TEST_STEP][PASSED] - click(findTestObject("Object Repository/Faculty/Course Coordinator Allocation/button_Question Paper Entry")): Object: 'Object Repository/Faculty/Course Coordinator Allocation/button_Question Paper Entry' is clicked on

2021-03-08 18:11:55 - [MESSAGE][PASSED] - Object: 'Object Repository/Faculty/Course Coordinator Allocation/button_Question Paper Entry' is clicked on

2021-03-08 18:11:55 - [TEST_STEP][PASSED] - takeScreenshot(): Taking screenshot successfully

2021-03-08 18:11:56 - [MESSAGE][PASSED] - Taking screenshot successfully
[[ATTACHMENT|C:\\Users\\PVs\\Katalon Studio\\Portal_OEC\\Reports\\20210308_180929\\Faculty E2E\\20210308_180929\\1615207315757.png]]

2021-03-08 18:11:56 - [TEST_STEP][PASSED] - click(findTestObject("Object Repository/Faculty/Course Coordinator Allocation/button_Reports")): Object: 'Object Repository/Faculty/Course Coordinator Allocation/button_Reports' is clicked on

2021-03-08 18:11:56 - [MESSAGE][PASSED] - Object: 'Object Repository/Faculty/Course Coordinator Allocation/button_Reports' is clicked on

2021-03-08 18:11:56 - [TEST_STEP][PASSED] - takeScreenshot(): Taking screenshot successfully

2021-03-08 18:11:57 - [MESSAGE][PASSED] - Taking screenshot successfully
[[ATTACHMENT|C:\\Users\\PVs\\Katalon Studio\\Portal_OEC\\Reports\\20210308_180929\\Faculty E2E\\20210308_180929\\1615207317231.png]]

2021-03-08 18:11:57 - [TEST_STEP][PASSED] - click(findTestObject("Object Repository/Faculty/Notifications/svg_Dr. P.C. Senthil Mahesh_svg-inline--fa _bc1b97")): Object: 'Object Repository/Faculty/Notifications/svg_Dr. P.C. Senthil Mahesh_svg-inline--fa _bc1b97' is clicked on

2021-03-08 18:11:58 - [MESSAGE][PASSED] - Object: 'Object Repository/Faculty/Notifications/svg_Dr. P.C. Senthil Mahesh_svg-inline--fa _bc1b97' is clicked on

2021-03-08 18:11:58 - [TEST_STEP][PASSED] - click(findTestObject("Object Repository/Faculty/Notifications/button_logout")): Object: 'Object Repository/Faculty/Notifications/button_logout' is clicked on

2021-03-08 18:11:59 - [MESSAGE][PASSED] - Object: 'Object Repository/Faculty/Notifications/button_logout' is clicked on

2021-03-08 18:11:59 - [TEST_STEP][PASSED] - closeBrowser(): Browser is closed

2021-03-08 18:12:00 - [MESSAGE][PASSED] - Browser is closed]]></system-out>
         <system-err><![CDATA[]]></system-err>
      </testcase>
      <testcase name="Test Cases/Web/Faculty/Class Schedule" time="25.133" classname="Test Cases/Web/Faculty/Class Schedule" status="PASSED">
         <system-out><![CDATA[2021-03-08 18:12:00 - [TEST_CASE][PASSED] - Test Cases/Web/Faculty/Class Schedule: Test Cases/Web/Faculty/Class Schedule

2021-03-08 18:12:00 - [TEST_STEP][PASSED] - openBrowser(""): Browser is opened with url: ''

2021-03-08 18:12:00 - [MESSAGE][INFO] - Starting 'Chrome' driver

2021-03-08 18:12:00 - [MESSAGE][INFO] - User set preference: ['args', '[--allow-running-insecure-content, --start-maximized]']

2021-03-08 18:12:00 - [MESSAGE][INFO] - Action delay is set to 400 milliseconds

2021-03-08 18:12:01 - [MESSAGE][PASSED] - Browser is opened with url: ''

2021-03-08 18:12:01 - [TEST_STEP][PASSED] - navigateToUrl("https://oecfrontend.vercel.app/"): Navigate to 'https://oecfrontend.vercel.app/' successfully

2021-03-08 18:12:02 - [MESSAGE][PASSED] - Navigate to 'https://oecfrontend.vercel.app/' successfully

2021-03-08 18:12:02 - [TEST_STEP][PASSED] - setText(findTestObject("Object Repository/Faculty/Class Schedule/input_Faculty Login_username"), "AITS051002"): Text 'AITS051002' is set on object 'Object Repository/Faculty/Class Schedule/input_Faculty Login_username'

2021-03-08 18:12:04 - [MESSAGE][PASSED] - Text 'AITS051002' is set on object 'Object Repository/Faculty/Class Schedule/input_Faculty Login_username'

2021-03-08 18:12:04 - [TEST_STEP][PASSED] - setEncryptedText(findTestObject("Object Repository/Faculty/Class Schedule/input_Faculty Login_password"), "/HuGEUzXDLUt1zEZ6TwafQ=="): Text ****** has been set on object 'Object Repository/Faculty/Class Schedule/input_Faculty Login_password'

2021-03-08 18:12:05 - [MESSAGE][PASSED] - Text ****** has been set on object 'Object Repository/Faculty/Class Schedule/input_Faculty Login_password'

2021-03-08 18:12:05 - [TEST_STEP][PASSED] - click(findTestObject("Object Repository/Faculty/Class Schedule/button_Login")): Object: 'Object Repository/Faculty/Class Schedule/button_Login' is clicked on

2021-03-08 18:12:06 - [MESSAGE][PASSED] - Object: 'Object Repository/Faculty/Class Schedule/button_Login' is clicked on

2021-03-08 18:12:06 - [TEST_STEP][PASSED] - click(findTestObject("Faculty/Imports/svg_Dr PC Senthil Mahesh_svg-inline--fa fa-_fb601b")): Object: 'Object Repository/Faculty/Imports/svg_Dr PC Senthil Mahesh_svg-inline--fa fa-_fb601b' is clicked on

2021-03-08 18:12:08 - [MESSAGE][PASSED] - Object: 'Object Repository/Faculty/Imports/svg_Dr PC Senthil Mahesh_svg-inline--fa fa-_fb601b' is clicked on

2021-03-08 18:12:08 - [TEST_STEP][PASSED] - click(findTestObject("Faculty/Imports/div_Role ()AdminFacultyHOD")): Object: 'Object Repository/Faculty/Imports/div_Role ()AdminFacultyHOD' is clicked on

2021-03-08 18:12:09 - [MESSAGE][PASSED] - Object: 'Object Repository/Faculty/Imports/div_Role ()AdminFacultyHOD' is clicked on

2021-03-08 18:12:09 - [TEST_STEP][PASSED] - click(findTestObject("Faculty/Imports/svg_Dr PC Senthil Mahesh_svg-inline--fa fa-_fb601b")): Object: 'Object Repository/Faculty/Imports/svg_Dr PC Senthil Mahesh_svg-inline--fa fa-_fb601b' is clicked on

2021-03-08 18:12:10 - [MESSAGE][PASSED] - Object: 'Object Repository/Faculty/Imports/svg_Dr PC Senthil Mahesh_svg-inline--fa fa-_fb601b' is clicked on

2021-03-08 18:12:10 - [TEST_STEP][PASSED] - click(findTestObject("Object Repository/Faculty/Notifications/a_Faculty")): Object: 'Object Repository/Faculty/Notifications/a_Faculty' is clicked on

2021-03-08 18:12:11 - [MESSAGE][PASSED] - Object: 'Object Repository/Faculty/Notifications/a_Faculty' is clicked on

2021-03-08 18:12:11 - [TEST_STEP][PASSED] - click(findTestObject("Object Repository/Faculty/Class Schedule/img")): Object: 'Object Repository/Faculty/Class Schedule/img' is clicked on

2021-03-08 18:12:12 - [MESSAGE][PASSED] - Object: 'Object Repository/Faculty/Class Schedule/img' is clicked on

2021-03-08 18:12:12 - [TEST_STEP][PASSED] - delay(10): Delayed 10 second(s)

2021-03-08 18:12:22 - [MESSAGE][PASSED] - Delayed 10 second(s)

2021-03-08 18:12:22 - [TEST_STEP][PASSED] - takeScreenshot(): Taking screenshot successfully

2021-03-08 18:12:22 - [MESSAGE][PASSED] - Taking screenshot successfully
[[ATTACHMENT|C:\\Users\\PVs\\Katalon Studio\\Portal_OEC\\Reports\\20210308_180929\\Faculty E2E\\20210308_180929\\1615207342425.png]]

2021-03-08 18:12:22 - [TEST_STEP][PASSED] - click(findTestObject("Object Repository/Faculty/Notifications/svg_Dr. P.C. Senthil Mahesh_svg-inline--fa _bc1b97")): Object: 'Object Repository/Faculty/Notifications/svg_Dr. P.C. Senthil Mahesh_svg-inline--fa _bc1b97' is clicked on

2021-03-08 18:12:23 - [MESSAGE][PASSED] - Object: 'Object Repository/Faculty/Notifications/svg_Dr. P.C. Senthil Mahesh_svg-inline--fa _bc1b97' is clicked on

2021-03-08 18:12:23 - [TEST_STEP][PASSED] - click(findTestObject("Object Repository/Faculty/Notifications/button_logout")): Object: 'Object Repository/Faculty/Notifications/button_logout' is clicked on

2021-03-08 18:12:24 - [MESSAGE][PASSED] - Object: 'Object Repository/Faculty/Notifications/button_logout' is clicked on

2021-03-08 18:12:24 - [TEST_STEP][PASSED] - closeBrowser(): Browser is closed

2021-03-08 18:12:25 - [MESSAGE][PASSED] - Browser is closed]]></system-out>
         <system-err><![CDATA[]]></system-err>
      </testcase>
      <testcase name="Test Cases/Web/Faculty/Mentoring" time="39.196" classname="Test Cases/Web/Faculty/Mentoring" status="PASSED">
         <system-out><![CDATA[2021-03-08 18:12:25 - [TEST_CASE][PASSED] - Test Cases/Web/Faculty/Mentoring: Test Cases/Web/Faculty/Mentoring

2021-03-08 18:12:25 - [TEST_STEP][PASSED] - openBrowser(""): Browser is opened with url: ''

2021-03-08 18:12:25 - [MESSAGE][INFO] - Starting 'Chrome' driver

2021-03-08 18:12:25 - [MESSAGE][INFO] - User set preference: ['args', '[--allow-running-insecure-content, --start-maximized]']

2021-03-08 18:12:25 - [MESSAGE][INFO] - Action delay is set to 400 milliseconds

2021-03-08 18:12:26 - [MESSAGE][PASSED] - Browser is opened with url: ''

2021-03-08 18:12:26 - [TEST_STEP][PASSED] - navigateToUrl("https://oecfrontend.vercel.app/"): Navigate to 'https://oecfrontend.vercel.app/' successfully

2021-03-08 18:12:28 - [MESSAGE][PASSED] - Navigate to 'https://oecfrontend.vercel.app/' successfully

2021-03-08 18:12:28 - [TEST_STEP][PASSED] - setText(findTestObject("Object Repository/Faculty/Mentoring/input_Faculty Login_username"), "AITS051002"): Text 'AITS051002' is set on object 'Object Repository/Faculty/Mentoring/input_Faculty Login_username'

2021-03-08 18:12:29 - [MESSAGE][PASSED] - Text 'AITS051002' is set on object 'Object Repository/Faculty/Mentoring/input_Faculty Login_username'

2021-03-08 18:12:29 - [TEST_STEP][PASSED] - setEncryptedText(findTestObject("Object Repository/Faculty/Mentoring/input_Faculty Login_password"), "/HuGEUzXDLUt1zEZ6TwafQ=="): Text ****** has been set on object 'Object Repository/Faculty/Mentoring/input_Faculty Login_password'

2021-03-08 18:12:31 - [MESSAGE][PASSED] - Text ****** has been set on object 'Object Repository/Faculty/Mentoring/input_Faculty Login_password'

2021-03-08 18:12:31 - [TEST_STEP][PASSED] - click(findTestObject("Object Repository/Faculty/Mentoring/button_Login")): Object: 'Object Repository/Faculty/Mentoring/button_Login' is clicked on

2021-03-08 18:12:31 - [MESSAGE][PASSED] - Object: 'Object Repository/Faculty/Mentoring/button_Login' is clicked on

2021-03-08 18:12:31 - [TEST_STEP][PASSED] - click(findTestObject("Faculty/Imports/svg_Dr PC Senthil Mahesh_svg-inline--fa fa-_fb601b")): Object: 'Object Repository/Faculty/Imports/svg_Dr PC Senthil Mahesh_svg-inline--fa fa-_fb601b' is clicked on

2021-03-08 18:12:33 - [MESSAGE][PASSED] - Object: 'Object Repository/Faculty/Imports/svg_Dr PC Senthil Mahesh_svg-inline--fa fa-_fb601b' is clicked on

2021-03-08 18:12:33 - [TEST_STEP][PASSED] - click(findTestObject("Faculty/Imports/div_Role ()AdminFacultyHOD")): Object: 'Object Repository/Faculty/Imports/div_Role ()AdminFacultyHOD' is clicked on

2021-03-08 18:12:34 - [MESSAGE][PASSED] - Object: 'Object Repository/Faculty/Imports/div_Role ()AdminFacultyHOD' is clicked on

2021-03-08 18:12:34 - [TEST_STEP][PASSED] - click(findTestObject("Faculty/Imports/svg_Dr PC Senthil Mahesh_svg-inline--fa fa-_fb601b")): Object: 'Object Repository/Faculty/Imports/svg_Dr PC Senthil Mahesh_svg-inline--fa fa-_fb601b' is clicked on

2021-03-08 18:12:35 - [MESSAGE][PASSED] - Object: 'Object Repository/Faculty/Imports/svg_Dr PC Senthil Mahesh_svg-inline--fa fa-_fb601b' is clicked on

2021-03-08 18:12:35 - [TEST_STEP][PASSED] - click(findTestObject("Object Repository/Faculty/Notifications/a_Faculty")): Object: 'Object Repository/Faculty/Notifications/a_Faculty' is clicked on

2021-03-08 18:12:36 - [MESSAGE][PASSED] - Object: 'Object Repository/Faculty/Notifications/a_Faculty' is clicked on

2021-03-08 18:12:36 - [TEST_STEP][PASSED] - click(findTestObject("Object Repository/Faculty/Mentoring/img")): Object: 'Object Repository/Faculty/Mentoring/img' is clicked on

2021-03-08 18:12:37 - [MESSAGE][PASSED] - Object: 'Object Repository/Faculty/Mentoring/img' is clicked on

2021-03-08 18:12:37 - [TEST_STEP][PASSED] - click(findTestObject("Object Repository/Faculty/Mentoring/button_Profile")): Object: 'Object Repository/Faculty/Mentoring/button_Profile' is clicked on

2021-03-08 18:12:39 - [MESSAGE][PASSED] - Object: 'Object Repository/Faculty/Mentoring/button_Profile' is clicked on

2021-03-08 18:12:39 - [TEST_STEP][PASSED] - takeScreenshot(): Taking screenshot successfully

2021-03-08 18:12:40 - [MESSAGE][PASSED] - Taking screenshot successfully
[[ATTACHMENT|C:\\Users\\PVs\\Katalon Studio\\Portal_OEC\\Reports\\20210308_180929\\Faculty E2E\\20210308_180929\\1615207360556.png]]

2021-03-08 18:12:40 - [TEST_STEP][PASSED] - click(findTestObject("Object Repository/Faculty/Mentoring/button_Education")): Object: 'Object Repository/Faculty/Mentoring/button_Education' is clicked on

2021-03-08 18:12:41 - [MESSAGE][PASSED] - Object: 'Object Repository/Faculty/Mentoring/button_Education' is clicked on

2021-03-08 18:12:41 - [TEST_STEP][PASSED] - takeScreenshot(): Taking screenshot successfully

2021-03-08 18:12:42 - [MESSAGE][PASSED] - Taking screenshot successfully
[[ATTACHMENT|C:\\Users\\PVs\\Katalon Studio\\Portal_OEC\\Reports\\20210308_180929\\Faculty E2E\\20210308_180929\\1615207361986.png]]

2021-03-08 18:12:42 - [TEST_STEP][PASSED] - click(findTestObject("Object Repository/Faculty/Mentoring/button_Semester Wise Marks")): Object: 'Object Repository/Faculty/Mentoring/button_Semester Wise Marks' is clicked on

2021-03-08 18:12:43 - [MESSAGE][PASSED] - Object: 'Object Repository/Faculty/Mentoring/button_Semester Wise Marks' is clicked on

2021-03-08 18:12:43 - [TEST_STEP][PASSED] - takeScreenshot(): Taking screenshot successfully

2021-03-08 18:12:43 - [MESSAGE][PASSED] - Taking screenshot successfully
[[ATTACHMENT|C:\\Users\\PVs\\Katalon Studio\\Portal_OEC\\Reports\\20210308_180929\\Faculty E2E\\20210308_180929\\1615207363426.png]]

2021-03-08 18:12:43 - [TEST_STEP][PASSED] - click(findTestObject("Faculty/Mentoring/button_More Details")): Object: 'Object Repository/Faculty/Mentoring/button_More Details' is clicked on

2021-03-08 18:12:44 - [MESSAGE][PASSED] - Object: 'Object Repository/Faculty/Mentoring/button_More Details' is clicked on

2021-03-08 18:12:44 - [TEST_STEP][PASSED] - click(findTestObject("Object Repository/Faculty/Mentoring/button_Course and Faculty Details")): Object: 'Object Repository/Faculty/Mentoring/button_Course and Faculty Details' is clicked on

2021-03-08 18:12:45 - [MESSAGE][PASSED] - Object: 'Object Repository/Faculty/Mentoring/button_Course and Faculty Details' is clicked on

2021-03-08 18:12:45 - [TEST_STEP][PASSED] - takeScreenshot(): Taking screenshot successfully

2021-03-08 18:12:46 - [MESSAGE][PASSED] - Taking screenshot successfully
[[ATTACHMENT|C:\\Users\\PVs\\Katalon Studio\\Portal_OEC\\Reports\\20210308_180929\\Faculty E2E\\20210308_180929\\1615207366354.png]]

2021-03-08 18:12:46 - [TEST_STEP][PASSED] - focus(findTestObject("Faculty/Mentoring/Course and Faculty Details_close")): Object: 'Object Repository/Faculty/Mentoring/Course and Faculty Details_close' is focused

2021-03-08 18:12:47 - [MESSAGE][PASSED] - Object: 'Object Repository/Faculty/Mentoring/Course and Faculty Details_close' is focused

2021-03-08 18:12:47 - [TEST_STEP][PASSED] - click(findTestObject("Faculty/Mentoring/Course and Faculty Details_close")): Object: 'Object Repository/Faculty/Mentoring/Course and Faculty Details_close' is clicked on

2021-03-08 18:12:48 - [MESSAGE][PASSED] - Object: 'Object Repository/Faculty/Mentoring/Course and Faculty Details_close' is clicked on

2021-03-08 18:12:48 - [TEST_STEP][PASSED] - click(findTestObject("Object Repository/Faculty/Mentoring/button_More Details")): Object: 'Object Repository/Faculty/Mentoring/button_More Details' is clicked on

2021-03-08 18:12:49 - [MESSAGE][PASSED] - Object: 'Object Repository/Faculty/Mentoring/button_More Details' is clicked on

2021-03-08 18:12:49 - [TEST_STEP][PASSED] - takeScreenshot(): Taking screenshot successfully

2021-03-08 18:12:49 - [MESSAGE][PASSED] - Taking screenshot successfully
[[ATTACHMENT|C:\\Users\\PVs\\Katalon Studio\\Portal_OEC\\Reports\\20210308_180929\\Faculty E2E\\20210308_180929\\1615207369515.png]]

2021-03-08 18:12:49 - [TEST_STEP][PASSED] - click(findTestObject("Object Repository/Faculty/Mentoring/button_Student Details")): Object: 'Object Repository/Faculty/Mentoring/button_Student Details' is clicked on

2021-03-08 18:12:50 - [MESSAGE][PASSED] - Object: 'Object Repository/Faculty/Mentoring/button_Student Details' is clicked on

2021-03-08 18:12:50 - [TEST_STEP][PASSED] - takeScreenshot(): Taking screenshot successfully

2021-03-08 18:12:52 - [MESSAGE][PASSED] - Taking screenshot successfully
[[ATTACHMENT|C:\\Users\\PVs\\Katalon Studio\\Portal_OEC\\Reports\\20210308_180929\\Faculty E2E\\20210308_180929\\1615207372321.png]]

2021-03-08 18:12:52 - [TEST_STEP][PASSED] - click(findTestObject("Object Repository/Faculty/Mentoring/button_Attendance Details")): Object: 'Object Repository/Faculty/Mentoring/button_Attendance Details' is clicked on

2021-03-08 18:12:53 - [MESSAGE][PASSED] - Object: 'Object Repository/Faculty/Mentoring/button_Attendance Details' is clicked on

2021-03-08 18:12:53 - [TEST_STEP][PASSED] - takeScreenshot(): Taking screenshot successfully

2021-03-08 18:12:54 - [MESSAGE][PASSED] - Taking screenshot successfully
[[ATTACHMENT|C:\\Users\\PVs\\Katalon Studio\\Portal_OEC\\Reports\\20210308_180929\\Faculty E2E\\20210308_180929\\1615207373775.png]]

2021-03-08 18:12:54 - [TEST_STEP][PASSED] - click(findTestObject("Object Repository/Faculty/Mentoring/button_Marks Details")): Object: 'Object Repository/Faculty/Mentoring/button_Marks Details' is clicked on

2021-03-08 18:12:54 - [MESSAGE][PASSED] - Object: 'Object Repository/Faculty/Mentoring/button_Marks Details' is clicked on

2021-03-08 18:12:54 - [TEST_STEP][PASSED] - takeScreenshot(): Taking screenshot successfully

2021-03-08 18:12:55 - [MESSAGE][PASSED] - Taking screenshot successfully
[[ATTACHMENT|C:\\Users\\PVs\\Katalon Studio\\Portal_OEC\\Reports\\20210308_180929\\Faculty E2E\\20210308_180929\\1615207375249.png]]

2021-03-08 18:12:55 - [TEST_STEP][PASSED] - focus(findTestObject("Faculty/Mentoring/Student Details_close")): Object: 'Object Repository/Faculty/Mentoring/Student Details_close' is focused

2021-03-08 18:12:56 - [MESSAGE][PASSED] - Object: 'Object Repository/Faculty/Mentoring/Student Details_close' is focused

2021-03-08 18:12:56 - [TEST_STEP][PASSED] - click(findTestObject("Faculty/Mentoring/Student Details_close")): Object: 'Object Repository/Faculty/Mentoring/Student Details_close' is clicked on

2021-03-08 18:12:56 - [MESSAGE][PASSED] - Object: 'Object Repository/Faculty/Mentoring/Student Details_close' is clicked on

2021-03-08 18:12:56 - [TEST_STEP][PASSED] - click(findTestObject("Object Repository/Faculty/Mentoring/button_More Details")): Object: 'Object Repository/Faculty/Mentoring/button_More Details' is clicked on

2021-03-08 18:12:57 - [MESSAGE][PASSED] - Object: 'Object Repository/Faculty/Mentoring/button_More Details' is clicked on

2021-03-08 18:12:57 - [TEST_STEP][PASSED] - click(findTestObject("Object Repository/Faculty/Mentoring/button_Communication Details")): Object: 'Object Repository/Faculty/Mentoring/button_Communication Details' is clicked on

2021-03-08 18:12:58 - [MESSAGE][PASSED] - Object: 'Object Repository/Faculty/Mentoring/button_Communication Details' is clicked on

2021-03-08 18:12:58 - [TEST_STEP][PASSED] - takeScreenshot(): Taking screenshot successfully

2021-03-08 18:12:59 - [MESSAGE][PASSED] - Taking screenshot successfully
[[ATTACHMENT|C:\\Users\\PVs\\Katalon Studio\\Portal_OEC\\Reports\\20210308_180929\\Faculty E2E\\20210308_180929\\1615207379418.png]]

2021-03-08 18:12:59 - [TEST_STEP][PASSED] - click(findTestObject("Object Repository/Faculty/Mentoring/button_Completed")): Object: 'Object Repository/Faculty/Mentoring/button_Completed' is clicked on

2021-03-08 18:13:00 - [MESSAGE][PASSED] - Object: 'Object Repository/Faculty/Mentoring/button_Completed' is clicked on

2021-03-08 18:13:00 - [TEST_STEP][PASSED] - takeScreenshot(): Taking screenshot successfully

2021-03-08 18:13:01 - [MESSAGE][PASSED] - Taking screenshot successfully
[[ATTACHMENT|C:\\Users\\PVs\\Katalon Studio\\Portal_OEC\\Reports\\20210308_180929\\Faculty E2E\\20210308_180929\\1615207380848.png]]

2021-03-08 18:13:01 - [TEST_STEP][PASSED] - focus(findTestObject("Faculty/Mentoring/Communication Details_close")): Object: 'Object Repository/Faculty/Mentoring/Communication Details_close' is focused

2021-03-08 18:13:01 - [MESSAGE][PASSED] - Object: 'Object Repository/Faculty/Mentoring/Communication Details_close' is focused

2021-03-08 18:13:01 - [TEST_STEP][PASSED] - click(findTestObject("Faculty/Mentoring/Communication Details_close")): Object: 'Object Repository/Faculty/Mentoring/Communication Details_close' is clicked on

2021-03-08 18:13:02 - [MESSAGE][PASSED] - Object: 'Object Repository/Faculty/Mentoring/Communication Details_close' is clicked on

2021-03-08 18:13:02 - [TEST_STEP][PASSED] - click(findTestObject("Object Repository/Faculty/Mentoring/svg_Dr. P.C. Senthil Mahesh_svg-inline--fa _bc1b97")): Object: 'Object Repository/Faculty/Mentoring/svg_Dr. P.C. Senthil Mahesh_svg-inline--fa _bc1b97' is clicked on

2021-03-08 18:13:03 - [MESSAGE][PASSED] - Object: 'Object Repository/Faculty/Mentoring/svg_Dr. P.C. Senthil Mahesh_svg-inline--fa _bc1b97' is clicked on

2021-03-08 18:13:03 - [TEST_STEP][PASSED] - click(findTestObject("Object Repository/Faculty/Mentoring/button_logout")): Object: 'Object Repository/Faculty/Mentoring/button_logout' is clicked on

2021-03-08 18:13:04 - [MESSAGE][PASSED] - Object: 'Object Repository/Faculty/Mentoring/button_logout' is clicked on]]></system-out>
         <system-err><![CDATA[]]></system-err>
      </testcase>
      <testcase name="Test Cases/Web/Faculty/Exam Schedule" time="14.822" classname="Test Cases/Web/Faculty/Exam Schedule" status="FAILED">
         <failure type="FAILED" message="Test Cases/Web/Faculty/Exam Schedule FAILED.
Reason:
com.kms.katalon.core.exception.StepFailedException: Unable to click on object 'Object Repository/Faculty/Exam Schedule/img'
	at com.kms.katalon.core.webui.keyword.internal.WebUIKeywordMain.stepFailed(WebUIKeywordMain.groovy:64)
	at com.kms.katalon.core.webui.keyword.internal.WebUIKeywordMain.runKeyword(WebUIKeywordMain.groovy:26)
	at com.kms.katalon.core.webui.keyword.builtin.ClickKeyword.click(ClickKeyword.groovy:75)
	at com.kms.katalon.core.webui.keyword.builtin.ClickKeyword.execute(ClickKeyword.groovy:42)
	at com.kms.katalon.core.keyword.internal.KeywordExecutor.executeKeywordForPlatform(KeywordExecutor.groovy:73)
	at com.kms.katalon.core.webui.keyword.WebUiBuiltInKeywords.click(WebUiBuiltInKeywords.groovy:619)
	at com.kms.katalon.core.webui.keyword.WebUiBuiltInKeywords$click$3.call(Unknown Source)
	at Exam Schedule.run(Exam Schedule:38)
	at com.kms.katalon.core.main.ScriptEngine.run(ScriptEngine.java:194)
	at com.kms.katalon.core.main.ScriptEngine.runScriptAsRawText(ScriptEngine.java:119)
	at com.kms.katalon.core.main.TestCaseExecutor.runScript(TestCaseExecutor.java:398)
	at com.kms.katalon.core.main.TestCaseExecutor.doExecute(TestCaseExecutor.java:389)
	at com.kms.katalon.core.main.TestCaseExecutor.processExecutionPhase(TestCaseExecutor.java:368)
	at com.kms.katalon.core.main.TestCaseExecutor.accessMainPhase(TestCaseExecutor.java:360)
	at com.kms.katalon.core.main.TestCaseExecutor.execute(TestCaseExecutor.java:255)
	at com.kms.katalon.core.main.TestSuiteExecutor.accessTestCaseMainPhase(TestSuiteExecutor.java:203)
	at com.kms.katalon.core.main.TestSuiteExecutor.accessTestSuiteMainPhase(TestSuiteExecutor.java:152)
	at com.kms.katalon.core.main.TestSuiteExecutor.execute(TestSuiteExecutor.java:95)
	at com.kms.katalon.core.main.TestCaseMain.startTestSuite(TestCaseMain.java:157)
	at com.kms.katalon.core.main.TestCaseMain$startTestSuite$0.call(Unknown Source)
	at TempTestSuite1615207169856.run(TempTestSuite1615207169856.groovy:39)
Caused by: org.openqa.selenium.ElementNotInteractableException: element not interactable
  (Session info: chrome=87.0.4280.141)
Build info: version: '3.141.59', revision: 'e82be7d358', time: '2018-11-14T08:25:53'
System info: host: 'LAPTOP-OCLE0COJ', ip: '169.254.55.176', os.name: 'Windows 10', os.arch: 'amd64', os.version: '10.0', java.version: '1.8.0_181'
Driver info: com.kms.katalon.selenium.driver.CChromeDriver
Capabilities {acceptInsecureCerts: false, browserName: chrome, browserVersion: 87.0.4280.141, chrome: {chromedriverVersion: 87.0.4280.88 (89e2380a3e36c..., userDataDir: C:\Users\PVs\AppData\Local\...}, goog:chromeOptions: {debuggerAddress: localhost:56981}, javascriptEnabled: true, networkConnectionEnabled: false, pageLoadStrategy: normal, platform: WINDOWS, platformName: WINDOWS, proxy: Proxy(), setWindowRect: true, strictFileInteractability: false, timeouts: {implicit: 0, pageLoad: 300000, script: 30000}, unhandledPromptBehavior: dismiss and notify, webauthn:virtualAuthenticators: true}
Session ID: 6445d96a9068e63e9bac1529c6231088
	at org.openqa.selenium.remote.http.W3CHttpResponseCodec.createException(W3CHttpResponseCodec.java:187)
	at org.openqa.selenium.remote.http.W3CHttpResponseCodec.decode(W3CHttpResponseCodec.java:122)
	at org.openqa.selenium.remote.http.W3CHttpResponseCodec.decode(W3CHttpResponseCodec.java:49)
	at org.openqa.selenium.remote.HttpCommandExecutor.execute(HttpCommandExecutor.java:158)
	at org.openqa.selenium.remote.service.DriverCommandExecutor.execute(DriverCommandExecutor.java:83)
	at org.openqa.selenium.remote.RemoteWebDriver.execute(RemoteWebDriver.java:552)
	at com.kms.katalon.selenium.driver.CChromeDriver.execute(CChromeDriver.java:19)
	at org.openqa.selenium.remote.RemoteWebElement.execute(RemoteWebElement.java:285)
	at org.openqa.selenium.remote.RemoteWebElement.click(RemoteWebElement.java:84)
	at org.openqa.selenium.support.events.EventFiringWebDriver$EventFiringWebElement.lambda$new$0(EventFiringWebDriver.java:404)
	at com.sun.proxy.$Proxy11.click(Unknown Source)
	at org.openqa.selenium.support.events.EventFiringWebDriver$EventFiringWebElement.click(EventFiringWebDriver.java:417)
	at com.kms.katalon.core.webui.keyword.builtin.ClickKeyword$_click_closure1.doCall(ClickKeyword.groovy:68)
	at com.kms.katalon.core.webui.keyword.builtin.ClickKeyword$_click_closure1.call(ClickKeyword.groovy)
	at com.kms.katalon.core.webui.keyword.internal.WebUIKeywordMain.runKeyword(WebUIKeywordMain.groovy:20)
	... 19 more
"/>
         <system-out><![CDATA[2021-03-08 18:13:04 - [TEST_CASE][FAILED] - Test Cases/Web/Faculty/Exam Schedule: Test Cases/Web/Faculty/Exam Schedule FAILED.
Reason:
com.kms.katalon.core.exception.StepFailedException: Unable to click on object 'Object Repository/Faculty/Exam Schedule/img'
	at com.kms.katalon.core.webui.keyword.internal.WebUIKeywordMain.stepFailed(WebUIKeywordMain.groovy:64)
	at com.kms.katalon.core.webui.keyword.internal.WebUIKeywordMain.runKeyword(WebUIKeywordMain.groovy:26)
	at com.kms.katalon.core.webui.keyword.builtin.ClickKeyword.click(ClickKeyword.groovy:75)
	at com.kms.katalon.core.webui.keyword.builtin.ClickKeyword.execute(ClickKeyword.groovy:42)
	at com.kms.katalon.core.keyword.internal.KeywordExecutor.executeKeywordForPlatform(KeywordExecutor.groovy:73)
	at com.kms.katalon.core.webui.keyword.WebUiBuiltInKeywords.click(WebUiBuiltInKeywords.groovy:619)
	at com.kms.katalon.core.webui.keyword.WebUiBuiltInKeywords$click$3.call(Unknown Source)
	at Exam Schedule.run(Exam Schedule:38)
	at com.kms.katalon.core.main.ScriptEngine.run(ScriptEngine.java:194)
	at com.kms.katalon.core.main.ScriptEngine.runScriptAsRawText(ScriptEngine.java:119)
	at com.kms.katalon.core.main.TestCaseExecutor.runScript(TestCaseExecutor.java:398)
	at com.kms.katalon.core.main.TestCaseExecutor.doExecute(TestCaseExecutor.java:389)
	at com.kms.katalon.core.main.TestCaseExecutor.processExecutionPhase(TestCaseExecutor.java:368)
	at com.kms.katalon.core.main.TestCaseExecutor.accessMainPhase(TestCaseExecutor.java:360)
	at com.kms.katalon.core.main.TestCaseExecutor.execute(TestCaseExecutor.java:255)
	at com.kms.katalon.core.main.TestSuiteExecutor.accessTestCaseMainPhase(TestSuiteExecutor.java:203)
	at com.kms.katalon.core.main.TestSuiteExecutor.accessTestSuiteMainPhase(TestSuiteExecutor.java:152)
	at com.kms.katalon.core.main.TestSuiteExecutor.execute(TestSuiteExecutor.java:95)
	at com.kms.katalon.core.main.TestCaseMain.startTestSuite(TestCaseMain.java:157)
	at com.kms.katalon.core.main.TestCaseMain$startTestSuite$0.call(Unknown Source)
	at TempTestSuite1615207169856.run(TempTestSuite1615207169856.groovy:39)
Caused by: org.openqa.selenium.ElementNotInteractableException: element not interactable
  (Session info: chrome=87.0.4280.141)
Build info: version: '3.141.59', revision: 'e82be7d358', time: '2018-11-14T08:25:53'
System info: host: 'LAPTOP-OCLE0COJ', ip: '169.254.55.176', os.name: 'Windows 10', os.arch: 'amd64', os.version: '10.0', java.version: '1.8.0_181'
Driver info: com.kms.katalon.selenium.driver.CChromeDriver
Capabilities {acceptInsecureCerts: false, browserName: chrome, browserVersion: 87.0.4280.141, chrome: {chromedriverVersion: 87.0.4280.88 (89e2380a3e36c..., userDataDir: C:\Users\PVs\AppData\Local\...}, goog:chromeOptions: {debuggerAddress: localhost:56981}, javascriptEnabled: true, networkConnectionEnabled: false, pageLoadStrategy: normal, platform: WINDOWS, platformName: WINDOWS, proxy: Proxy(), setWindowRect: true, strictFileInteractability: false, timeouts: {implicit: 0, pageLoad: 300000, script: 30000}, unhandledPromptBehavior: dismiss and notify, webauthn:virtualAuthenticators: true}
Session ID: 6445d96a9068e63e9bac1529c6231088
	at org.openqa.selenium.remote.http.W3CHttpResponseCodec.createException(W3CHttpResponseCodec.java:187)
	at org.openqa.selenium.remote.http.W3CHttpResponseCodec.decode(W3CHttpResponseCodec.java:122)
	at org.openqa.selenium.remote.http.W3CHttpResponseCodec.decode(W3CHttpResponseCodec.java:49)
	at org.openqa.selenium.remote.HttpCommandExecutor.execute(HttpCommandExecutor.java:158)
	at org.openqa.selenium.remote.service.DriverCommandExecutor.execute(DriverCommandExecutor.java:83)
	at org.openqa.selenium.remote.RemoteWebDriver.execute(RemoteWebDriver.java:552)
	at com.kms.katalon.selenium.driver.CChromeDriver.execute(CChromeDriver.java:19)
	at org.openqa.selenium.remote.RemoteWebElement.execute(RemoteWebElement.java:285)
	at org.openqa.selenium.remote.RemoteWebElement.click(RemoteWebElement.java:84)
	at org.openqa.selenium.support.events.EventFiringWebDriver$EventFiringWebElement.lambda$new$0(EventFiringWebDriver.java:404)
	at com.sun.proxy.$Proxy11.click(Unknown Source)
	at org.openqa.selenium.support.events.EventFiringWebDriver$EventFiringWebElement.click(EventFiringWebDriver.java:417)
	at com.kms.katalon.core.webui.keyword.builtin.ClickKeyword$_click_closure1.doCall(ClickKeyword.groovy:68)
	at com.kms.katalon.core.webui.keyword.builtin.ClickKeyword$_click_closure1.call(ClickKeyword.groovy)
	at com.kms.katalon.core.webui.keyword.internal.WebUIKeywordMain.runKeyword(WebUIKeywordMain.groovy:20)
	... 19 more


2021-03-08 18:13:04 - [TEST_STEP][PASSED] - openBrowser(""): Browser is opened with url: ''

2021-03-08 18:13:04 - [MESSAGE][WARNING] - A browser is already opened. Closing browser and opening a new one

2021-03-08 18:13:05 - [MESSAGE][INFO] - Starting 'Chrome' driver

2021-03-08 18:13:05 - [MESSAGE][INFO] - User set preference: ['args', '[--allow-running-insecure-content, --start-maximized]']

2021-03-08 18:13:05 - [MESSAGE][INFO] - Action delay is set to 400 milliseconds

2021-03-08 18:13:07 - [MESSAGE][PASSED] - Browser is opened with url: ''

2021-03-08 18:13:07 - [TEST_STEP][PASSED] - navigateToUrl("https://oecfrontend.vercel.app/"): Navigate to 'https://oecfrontend.vercel.app/' successfully

2021-03-08 18:13:09 - [MESSAGE][PASSED] - Navigate to 'https://oecfrontend.vercel.app/' successfully

2021-03-08 18:13:09 - [TEST_STEP][PASSED] - setText(findTestObject("Object Repository/Faculty/Exam Schedule/input_Faculty Login_username"), "AITS051002"): Text 'AITS051002' is set on object 'Object Repository/Faculty/Exam Schedule/input_Faculty Login_username'

2021-03-08 18:13:11 - [MESSAGE][PASSED] - Text 'AITS051002' is set on object 'Object Repository/Faculty/Exam Schedule/input_Faculty Login_username'

2021-03-08 18:13:11 - [TEST_STEP][PASSED] - setEncryptedText(findTestObject("Object Repository/Faculty/Exam Schedule/input_Faculty Login_password"), "/HuGEUzXDLUt1zEZ6TwafQ=="): Text ****** has been set on object 'Object Repository/Faculty/Exam Schedule/input_Faculty Login_password'

2021-03-08 18:13:12 - [MESSAGE][PASSED] - Text ****** has been set on object 'Object Repository/Faculty/Exam Schedule/input_Faculty Login_password'

2021-03-08 18:13:12 - [TEST_STEP][PASSED] - click(findTestObject("Object Repository/Faculty/Exam Schedule/button_Login")): Object: 'Object Repository/Faculty/Exam Schedule/button_Login' is clicked on

2021-03-08 18:13:13 - [MESSAGE][PASSED] - Object: 'Object Repository/Faculty/Exam Schedule/button_Login' is clicked on

2021-03-08 18:13:13 - [TEST_STEP][PASSED] - click(findTestObject("Faculty/Imports/svg_Dr PC Senthil Mahesh_svg-inline--fa fa-_fb601b")): Object: 'Object Repository/Faculty/Imports/svg_Dr PC Senthil Mahesh_svg-inline--fa fa-_fb601b' is clicked on

2021-03-08 18:13:15 - [MESSAGE][PASSED] - Object: 'Object Repository/Faculty/Imports/svg_Dr PC Senthil Mahesh_svg-inline--fa fa-_fb601b' is clicked on

2021-03-08 18:13:15 - [TEST_STEP][PASSED] - click(findTestObject("Faculty/Imports/div_Role ()AdminFacultyHOD")): Object: 'Object Repository/Faculty/Imports/div_Role ()AdminFacultyHOD' is clicked on

2021-03-08 18:13:16 - [MESSAGE][PASSED] - Object: 'Object Repository/Faculty/Imports/div_Role ()AdminFacultyHOD' is clicked on

2021-03-08 18:13:16 - [TEST_STEP][PASSED] - click(findTestObject("Faculty/Imports/svg_Dr PC Senthil Mahesh_svg-inline--fa fa-_fb601b")): Object: 'Object Repository/Faculty/Imports/svg_Dr PC Senthil Mahesh_svg-inline--fa fa-_fb601b' is clicked on

2021-03-08 18:13:17 - [MESSAGE][PASSED] - Object: 'Object Repository/Faculty/Imports/svg_Dr PC Senthil Mahesh_svg-inline--fa fa-_fb601b' is clicked on

2021-03-08 18:13:17 - [TEST_STEP][PASSED] - click(findTestObject("Object Repository/Faculty/Notifications/a_Faculty")): Object: 'Object Repository/Faculty/Notifications/a_Faculty' is clicked on

2021-03-08 18:13:18 - [MESSAGE][PASSED] - Object: 'Object Repository/Faculty/Notifications/a_Faculty' is clicked on

2021-03-08 18:13:18 - [TEST_STEP][FAILED] - click(findTestObject("Object Repository/Faculty/Exam Schedule/img")): Unable to click on object 'Object Repository/Faculty/Exam Schedule/img' (Root cause: com.kms.katalon.core.exception.StepFailedException: Unable to click on object 'Object Repository/Faculty/Exam Schedule/img'
	at com.kms.katalon.core.webui.keyword.internal.WebUIKeywordMain.stepFailed(WebUIKeywordMain.groovy:64)
	at com.kms.katalon.core.webui.keyword.internal.WebUIKeywordMain.runKeyword(WebUIKeywordMain.groovy:26)
	at com.kms.katalon.core.webui.keyword.builtin.ClickKeyword.click(ClickKeyword.groovy:75)
	at com.kms.katalon.core.webui.keyword.builtin.ClickKeyword.execute(ClickKeyword.groovy:42)
	at com.kms.katalon.core.keyword.internal.KeywordExecutor.executeKeywordForPlatform(KeywordExecutor.groovy:73)
	at com.kms.katalon.core.webui.keyword.WebUiBuiltInKeywords.click(WebUiBuiltInKeywords.groovy:619)
	at com.kms.katalon.core.webui.keyword.WebUiBuiltInKeywords$click$3.call(Unknown Source)
	at Exam Schedule.run(Exam Schedule:38)
	at com.kms.katalon.core.main.ScriptEngine.run(ScriptEngine.java:194)
	at com.kms.katalon.core.main.ScriptEngine.runScriptAsRawText(ScriptEngine.java:119)
	at com.kms.katalon.core.main.TestCaseExecutor.runScript(TestCaseExecutor.java:398)
	at com.kms.katalon.core.main.TestCaseExecutor.doExecute(TestCaseExecutor.java:389)
	at com.kms.katalon.core.main.TestCaseExecutor.processExecutionPhase(TestCaseExecutor.java:368)
	at com.kms.katalon.core.main.TestCaseExecutor.accessMainPhase(TestCaseExecutor.java:360)
	at com.kms.katalon.core.main.TestCaseExecutor.execute(TestCaseExecutor.java:255)
	at com.kms.katalon.core.main.TestSuiteExecutor.accessTestCaseMainPhase(TestSuiteExecutor.java:203)
	at com.kms.katalon.core.main.TestSuiteExecutor.accessTestSuiteMainPhase(TestSuiteExecutor.java:152)
	at com.kms.katalon.core.main.TestSuiteExecutor.execute(TestSuiteExecutor.java:95)
	at com.kms.katalon.core.main.TestCaseMain.startTestSuite(TestCaseMain.java:157)
	at com.kms.katalon.core.main.TestCaseMain$startTestSuite$0.call(Unknown Source)
	at TempTestSuite1615207169856.run(TempTestSuite1615207169856.groovy:39)
Caused by: org.openqa.selenium.ElementNotInteractableException: element not interactable
  (Session info: chrome=87.0.4280.141)
Build info: version: '3.141.59', revision: 'e82be7d358', time: '2018-11-14T08:25:53'
System info: host: 'LAPTOP-OCLE0COJ', ip: '169.254.55.176', os.name: 'Windows 10', os.arch: 'amd64', os.version: '10.0', java.version: '1.8.0_181'
Driver info: com.kms.katalon.selenium.driver.CChromeDriver
Capabilities {acceptInsecureCerts: false, browserName: chrome, browserVersion: 87.0.4280.141, chrome: {chromedriverVersion: 87.0.4280.88 (89e2380a3e36c..., userDataDir: C:\Users\PVs\AppData\Local\...}, goog:chromeOptions: {debuggerAddress: localhost:56981}, javascriptEnabled: true, networkConnectionEnabled: false, pageLoadStrategy: normal, platform: WINDOWS, platformName: WINDOWS, proxy: Proxy(), setWindowRect: true, strictFileInteractability: false, timeouts: {implicit: 0, pageLoad: 300000, script: 30000}, unhandledPromptBehavior: dismiss and notify, webauthn:virtualAuthenticators: true}
Session ID: 6445d96a9068e63e9bac1529c6231088
	at org.openqa.selenium.remote.http.W3CHttpResponseCodec.createException(W3CHttpResponseCodec.java:187)
	at org.openqa.selenium.remote.http.W3CHttpResponseCodec.decode(W3CHttpResponseCodec.java:122)
	at org.openqa.selenium.remote.http.W3CHttpResponseCodec.decode(W3CHttpResponseCodec.java:49)
	at org.openqa.selenium.remote.HttpCommandExecutor.execute(HttpCommandExecutor.java:158)
	at org.openqa.selenium.remote.service.DriverCommandExecutor.execute(DriverCommandExecutor.java:83)
	at org.openqa.selenium.remote.RemoteWebDriver.execute(RemoteWebDriver.java:552)
	at com.kms.katalon.selenium.driver.CChromeDriver.execute(CChromeDriver.java:19)
	at org.openqa.selenium.remote.RemoteWebElement.execute(RemoteWebElement.java:285)
	at org.openqa.selenium.remote.RemoteWebElement.click(RemoteWebElement.java:84)
	at org.openqa.selenium.support.events.EventFiringWebDriver$EventFiringWebElement.lambda$new$0(EventFiringWebDriver.java:404)
	at com.sun.proxy.$Proxy11.click(Unknown Source)
	at org.openqa.selenium.support.events.EventFiringWebDriver$EventFiringWebElement.click(EventFiringWebDriver.java:417)
	at com.kms.katalon.core.webui.keyword.builtin.ClickKeyword$_click_closure1.doCall(ClickKeyword.groovy:68)
	at com.kms.katalon.core.webui.keyword.builtin.ClickKeyword$_click_closure1.call(ClickKeyword.groovy)
	at com.kms.katalon.core.webui.keyword.internal.WebUIKeywordMain.runKeyword(WebUIKeywordMain.groovy:20)
	at com.kms.katalon.core.webui.keyword.builtin.ClickKeyword.click(ClickKeyword.groovy:75)
	at com.kms.katalon.core.webui.keyword.builtin.ClickKeyword.execute(ClickKeyword.groovy:42)
	at com.kms.katalon.core.keyword.internal.KeywordExecutor.executeKeywordForPlatform(KeywordExecutor.groovy:73)
	at com.kms.katalon.core.webui.keyword.WebUiBuiltInKeywords.click(WebUiBuiltInKeywords.groovy:619)
	at com.kms.katalon.core.webui.keyword.WebUiBuiltInKeywords$click$3.call(Unknown Source)
	at Script1615205601982.run(Script1615205601982.groovy:38)
	... 13 more
)

2021-03-08 18:13:19 - [MESSAGE][FAILED] - Unable to click on object 'Object Repository/Faculty/Exam Schedule/img' (Root cause: com.kms.katalon.core.exception.StepFailedException: Unable to click on object 'Object Repository/Faculty/Exam Schedule/img'
	at com.kms.katalon.core.webui.keyword.internal.WebUIKeywordMain.stepFailed(WebUIKeywordMain.groovy:64)
	at com.kms.katalon.core.webui.keyword.internal.WebUIKeywordMain.runKeyword(WebUIKeywordMain.groovy:26)
	at com.kms.katalon.core.webui.keyword.builtin.ClickKeyword.click(ClickKeyword.groovy:75)
	at com.kms.katalon.core.webui.keyword.builtin.ClickKeyword.execute(ClickKeyword.groovy:42)
	at com.kms.katalon.core.keyword.internal.KeywordExecutor.executeKeywordForPlatform(KeywordExecutor.groovy:73)
	at com.kms.katalon.core.webui.keyword.WebUiBuiltInKeywords.click(WebUiBuiltInKeywords.groovy:619)
	at com.kms.katalon.core.webui.keyword.WebUiBuiltInKeywords$click$3.call(Unknown Source)
	at Exam Schedule.run(Exam Schedule:38)
	at com.kms.katalon.core.main.ScriptEngine.run(ScriptEngine.java:194)
	at com.kms.katalon.core.main.ScriptEngine.runScriptAsRawText(ScriptEngine.java:119)
	at com.kms.katalon.core.main.TestCaseExecutor.runScript(TestCaseExecutor.java:398)
	at com.kms.katalon.core.main.TestCaseExecutor.doExecute(TestCaseExecutor.java:389)
	at com.kms.katalon.core.main.TestCaseExecutor.processExecutionPhase(TestCaseExecutor.java:368)
	at com.kms.katalon.core.main.TestCaseExecutor.accessMainPhase(TestCaseExecutor.java:360)
	at com.kms.katalon.core.main.TestCaseExecutor.execute(TestCaseExecutor.java:255)
	at com.kms.katalon.core.main.TestSuiteExecutor.accessTestCaseMainPhase(TestSuiteExecutor.java:203)
	at com.kms.katalon.core.main.TestSuiteExecutor.accessTestSuiteMainPhase(TestSuiteExecutor.java:152)
	at com.kms.katalon.core.main.TestSuiteExecutor.execute(TestSuiteExecutor.java:95)
	at com.kms.katalon.core.main.TestCaseMain.startTestSuite(TestCaseMain.java:157)
	at com.kms.katalon.core.main.TestCaseMain$startTestSuite$0.call(Unknown Source)
	at TempTestSuite1615207169856.run(TempTestSuite1615207169856.groovy:39)
Caused by: org.openqa.selenium.ElementNotInteractableException: element not interactable
  (Session info: chrome=87.0.4280.141)
Build info: version: '3.141.59', revision: 'e82be7d358', time: '2018-11-14T08:25:53'
System info: host: 'LAPTOP-OCLE0COJ', ip: '169.254.55.176', os.name: 'Windows 10', os.arch: 'amd64', os.version: '10.0', java.version: '1.8.0_181'
Driver info: com.kms.katalon.selenium.driver.CChromeDriver
Capabilities {acceptInsecureCerts: false, browserName: chrome, browserVersion: 87.0.4280.141, chrome: {chromedriverVersion: 87.0.4280.88 (89e2380a3e36c..., userDataDir: C:\Users\PVs\AppData\Local\...}, goog:chromeOptions: {debuggerAddress: localhost:56981}, javascriptEnabled: true, networkConnectionEnabled: false, pageLoadStrategy: normal, platform: WINDOWS, platformName: WINDOWS, proxy: Proxy(), setWindowRect: true, strictFileInteractability: false, timeouts: {implicit: 0, pageLoad: 300000, script: 30000}, unhandledPromptBehavior: dismiss and notify, webauthn:virtualAuthenticators: true}
Session ID: 6445d96a9068e63e9bac1529c6231088
	at org.openqa.selenium.remote.http.W3CHttpResponseCodec.createException(W3CHttpResponseCodec.java:187)
	at org.openqa.selenium.remote.http.W3CHttpResponseCodec.decode(W3CHttpResponseCodec.java:122)
	at org.openqa.selenium.remote.http.W3CHttpResponseCodec.decode(W3CHttpResponseCodec.java:49)
	at org.openqa.selenium.remote.HttpCommandExecutor.execute(HttpCommandExecutor.java:158)
	at org.openqa.selenium.remote.service.DriverCommandExecutor.execute(DriverCommandExecutor.java:83)
	at org.openqa.selenium.remote.RemoteWebDriver.execute(RemoteWebDriver.java:552)
	at com.kms.katalon.selenium.driver.CChromeDriver.execute(CChromeDriver.java:19)
	at org.openqa.selenium.remote.RemoteWebElement.execute(RemoteWebElement.java:285)
	at org.openqa.selenium.remote.RemoteWebElement.click(RemoteWebElement.java:84)
	at org.openqa.selenium.support.events.EventFiringWebDriver$EventFiringWebElement.lambda$new$0(EventFiringWebDriver.java:404)
	at com.sun.proxy.$Proxy11.click(Unknown Source)
	at org.openqa.selenium.support.events.EventFiringWebDriver$EventFiringWebElement.click(EventFiringWebDriver.java:417)
	at com.kms.katalon.core.webui.keyword.builtin.ClickKeyword$_click_closure1.doCall(ClickKeyword.groovy:68)
	at com.kms.katalon.core.webui.keyword.builtin.ClickKeyword$_click_closure1.call(ClickKeyword.groovy)
	at com.kms.katalon.core.webui.keyword.internal.WebUIKeywordMain.runKeyword(WebUIKeywordMain.groovy:20)
	at com.kms.katalon.core.webui.keyword.builtin.ClickKeyword.click(ClickKeyword.groovy:75)
	at com.kms.katalon.core.webui.keyword.builtin.ClickKeyword.execute(ClickKeyword.groovy:42)
	at com.kms.katalon.core.keyword.internal.KeywordExecutor.executeKeywordForPlatform(KeywordExecutor.groovy:73)
	at com.kms.katalon.core.webui.keyword.WebUiBuiltInKeywords.click(WebUiBuiltInKeywords.groovy:619)
	at com.kms.katalon.core.webui.keyword.WebUiBuiltInKeywords$click$3.call(Unknown Source)
	at Script1615205601982.run(Script1615205601982.groovy:38)
	... 13 more
)
[[ATTACHMENT|C:\\Users\\PVs\\Katalon Studio\\Portal_OEC\\Reports\\20210308_180929\\Faculty E2E\\20210308_180929\\1615207398937.png]]]]></system-out>
         <system-err><![CDATA[2021-03-08 18:13:04 - [TEST_CASE][FAILED] - Test Cases/Web/Faculty/Exam Schedule: Test Cases/Web/Faculty/Exam Schedule FAILED.
Reason:
com.kms.katalon.core.exception.StepFailedException: Unable to click on object 'Object Repository/Faculty/Exam Schedule/img'
	at com.kms.katalon.core.webui.keyword.internal.WebUIKeywordMain.stepFailed(WebUIKeywordMain.groovy:64)
	at com.kms.katalon.core.webui.keyword.internal.WebUIKeywordMain.runKeyword(WebUIKeywordMain.groovy:26)
	at com.kms.katalon.core.webui.keyword.builtin.ClickKeyword.click(ClickKeyword.groovy:75)
	at com.kms.katalon.core.webui.keyword.builtin.ClickKeyword.execute(ClickKeyword.groovy:42)
	at com.kms.katalon.core.keyword.internal.KeywordExecutor.executeKeywordForPlatform(KeywordExecutor.groovy:73)
	at com.kms.katalon.core.webui.keyword.WebUiBuiltInKeywords.click(WebUiBuiltInKeywords.groovy:619)
	at com.kms.katalon.core.webui.keyword.WebUiBuiltInKeywords$click$3.call(Unknown Source)
	at Exam Schedule.run(Exam Schedule:38)
	at com.kms.katalon.core.main.ScriptEngine.run(ScriptEngine.java:194)
	at com.kms.katalon.core.main.ScriptEngine.runScriptAsRawText(ScriptEngine.java:119)
	at com.kms.katalon.core.main.TestCaseExecutor.runScript(TestCaseExecutor.java:398)
	at com.kms.katalon.core.main.TestCaseExecutor.doExecute(TestCaseExecutor.java:389)
	at com.kms.katalon.core.main.TestCaseExecutor.processExecutionPhase(TestCaseExecutor.java:368)
	at com.kms.katalon.core.main.TestCaseExecutor.accessMainPhase(TestCaseExecutor.java:360)
	at com.kms.katalon.core.main.TestCaseExecutor.execute(TestCaseExecutor.java:255)
	at com.kms.katalon.core.main.TestSuiteExecutor.accessTestCaseMainPhase(TestSuiteExecutor.java:203)
	at com.kms.katalon.core.main.TestSuiteExecutor.accessTestSuiteMainPhase(TestSuiteExecutor.java:152)
	at com.kms.katalon.core.main.TestSuiteExecutor.execute(TestSuiteExecutor.java:95)
	at com.kms.katalon.core.main.TestCaseMain.startTestSuite(TestCaseMain.java:157)
	at com.kms.katalon.core.main.TestCaseMain$startTestSuite$0.call(Unknown Source)
	at TempTestSuite1615207169856.run(TempTestSuite1615207169856.groovy:39)
Caused by: org.openqa.selenium.ElementNotInteractableException: element not interactable
  (Session info: chrome=87.0.4280.141)
Build info: version: '3.141.59', revision: 'e82be7d358', time: '2018-11-14T08:25:53'
System info: host: 'LAPTOP-OCLE0COJ', ip: '169.254.55.176', os.name: 'Windows 10', os.arch: 'amd64', os.version: '10.0', java.version: '1.8.0_181'
Driver info: com.kms.katalon.selenium.driver.CChromeDriver
Capabilities {acceptInsecureCerts: false, browserName: chrome, browserVersion: 87.0.4280.141, chrome: {chromedriverVersion: 87.0.4280.88 (89e2380a3e36c..., userDataDir: C:\Users\PVs\AppData\Local\...}, goog:chromeOptions: {debuggerAddress: localhost:56981}, javascriptEnabled: true, networkConnectionEnabled: false, pageLoadStrategy: normal, platform: WINDOWS, platformName: WINDOWS, proxy: Proxy(), setWindowRect: true, strictFileInteractability: false, timeouts: {implicit: 0, pageLoad: 300000, script: 30000}, unhandledPromptBehavior: dismiss and notify, webauthn:virtualAuthenticators: true}
Session ID: 6445d96a9068e63e9bac1529c6231088
	at org.openqa.selenium.remote.http.W3CHttpResponseCodec.createException(W3CHttpResponseCodec.java:187)
	at org.openqa.selenium.remote.http.W3CHttpResponseCodec.decode(W3CHttpResponseCodec.java:122)
	at org.openqa.selenium.remote.http.W3CHttpResponseCodec.decode(W3CHttpResponseCodec.java:49)
	at org.openqa.selenium.remote.HttpCommandExecutor.execute(HttpCommandExecutor.java:158)
	at org.openqa.selenium.remote.service.DriverCommandExecutor.execute(DriverCommandExecutor.java:83)
	at org.openqa.selenium.remote.RemoteWebDriver.execute(RemoteWebDriver.java:552)
	at com.kms.katalon.selenium.driver.CChromeDriver.execute(CChromeDriver.java:19)
	at org.openqa.selenium.remote.RemoteWebElement.execute(RemoteWebElement.java:285)
	at org.openqa.selenium.remote.RemoteWebElement.click(RemoteWebElement.java:84)
	at org.openqa.selenium.support.events.EventFiringWebDriver$EventFiringWebElement.lambda$new$0(EventFiringWebDriver.java:404)
	at com.sun.proxy.$Proxy11.click(Unknown Source)
	at org.openqa.selenium.support.events.EventFiringWebDriver$EventFiringWebElement.click(EventFiringWebDriver.java:417)
	at com.kms.katalon.core.webui.keyword.builtin.ClickKeyword$_click_closure1.doCall(ClickKeyword.groovy:68)
	at com.kms.katalon.core.webui.keyword.builtin.ClickKeyword$_click_closure1.call(ClickKeyword.groovy)
	at com.kms.katalon.core.webui.keyword.internal.WebUIKeywordMain.runKeyword(WebUIKeywordMain.groovy:20)
	... 19 more]]></system-err>
      </testcase>
      <system-out><![CDATA[2021-03-08 18:09:32 - [TEST_SUITE][FAILED] - Faculty E2E: Test Cases/Web/Faculty/Exam Schedule FAILED.
Reason:
com.kms.katalon.core.exception.StepFailedException: Unable to click on object 'Object Repository/Faculty/Exam Schedule/img'
	at com.kms.katalon.core.webui.keyword.internal.WebUIKeywordMain.stepFailed(WebUIKeywordMain.groovy:64)
	at com.kms.katalon.core.webui.keyword.internal.WebUIKeywordMain.runKeyword(WebUIKeywordMain.groovy:26)
	at com.kms.katalon.core.webui.keyword.builtin.ClickKeyword.click(ClickKeyword.groovy:75)
	at com.kms.katalon.core.webui.keyword.builtin.ClickKeyword.execute(ClickKeyword.groovy:42)
	at com.kms.katalon.core.keyword.internal.KeywordExecutor.executeKeywordForPlatform(KeywordExecutor.groovy:73)
	at com.kms.katalon.core.webui.keyword.WebUiBuiltInKeywords.click(WebUiBuiltInKeywords.groovy:619)
	at com.kms.katalon.core.webui.keyword.WebUiBuiltInKeywords$click$3.call(Unknown Source)
	at Exam Schedule.run(Exam Schedule:38)
	at com.kms.katalon.core.main.ScriptEngine.run(ScriptEngine.java:194)
	at com.kms.katalon.core.main.ScriptEngine.runScriptAsRawText(ScriptEngine.java:119)
	at com.kms.katalon.core.main.TestCaseExecutor.runScript(TestCaseExecutor.java:398)
	at com.kms.katalon.core.main.TestCaseExecutor.doExecute(TestCaseExecutor.java:389)
	at com.kms.katalon.core.main.TestCaseExecutor.processExecutionPhase(TestCaseExecutor.java:368)
	at com.kms.katalon.core.main.TestCaseExecutor.accessMainPhase(TestCaseExecutor.java:360)
	at com.kms.katalon.core.main.TestCaseExecutor.execute(TestCaseExecutor.java:255)
	at com.kms.katalon.core.main.TestSuiteExecutor.accessTestCaseMainPhase(TestSuiteExecutor.java:203)
	at com.kms.katalon.core.main.TestSuiteExecutor.accessTestSuiteMainPhase(TestSuiteExecutor.java:152)
	at com.kms.katalon.core.main.TestSuiteExecutor.execute(TestSuiteExecutor.java:95)
	at com.kms.katalon.core.main.TestCaseMain.startTestSuite(TestCaseMain.java:157)
	at com.kms.katalon.core.main.TestCaseMain$startTestSuite$0.call(Unknown Source)
	at TempTestSuite1615207169856.run(TempTestSuite1615207169856.groovy:39)
Caused by: org.openqa.selenium.ElementNotInteractableException: element not interactable
  (Session info: chrome=87.0.4280.141)
Build info: version: '3.141.59', revision: 'e82be7d358', time: '2018-11-14T08:25:53'
System info: host: 'LAPTOP-OCLE0COJ', ip: '169.254.55.176', os.name: 'Windows 10', os.arch: 'amd64', os.version: '10.0', java.version: '1.8.0_181'
Driver info: com.kms.katalon.selenium.driver.CChromeDriver
Capabilities {acceptInsecureCerts: false, browserName: chrome, browserVersion: 87.0.4280.141, chrome: {chromedriverVersion: 87.0.4280.88 (89e2380a3e36c..., userDataDir: C:\Users\PVs\AppData\Local\...}, goog:chromeOptions: {debuggerAddress: localhost:56981}, javascriptEnabled: true, networkConnectionEnabled: false, pageLoadStrategy: normal, platform: WINDOWS, platformName: WINDOWS, proxy: Proxy(), setWindowRect: true, strictFileInteractability: false, timeouts: {implicit: 0, pageLoad: 300000, script: 30000}, unhandledPromptBehavior: dismiss and notify, webauthn:virtualAuthenticators: true}
Session ID: 6445d96a9068e63e9bac1529c6231088
	at org.openqa.selenium.remote.http.W3CHttpResponseCodec.createException(W3CHttpResponseCodec.java:187)
	at org.openqa.selenium.remote.http.W3CHttpResponseCodec.decode(W3CHttpResponseCodec.java:122)
	at org.openqa.selenium.remote.http.W3CHttpResponseCodec.decode(W3CHttpResponseCodec.java:49)
	at org.openqa.selenium.remote.HttpCommandExecutor.execute(HttpCommandExecutor.java:158)
	at org.openqa.selenium.remote.service.DriverCommandExecutor.execute(DriverCommandExecutor.java:83)
	at org.openqa.selenium.remote.RemoteWebDriver.execute(RemoteWebDriver.java:552)
	at com.kms.katalon.selenium.driver.CChromeDriver.execute(CChromeDriver.java:19)
	at org.openqa.selenium.remote.RemoteWebElement.execute(RemoteWebElement.java:285)
	at org.openqa.selenium.remote.RemoteWebElement.click(RemoteWebElement.java:84)
	at org.openqa.selenium.support.events.EventFiringWebDriver$EventFiringWebElement.lambda$new$0(EventFiringWebDriver.java:404)
	at com.sun.proxy.$Proxy11.click(Unknown Source)
	at org.openqa.selenium.support.events.EventFiringWebDriver$EventFiringWebElement.click(EventFiringWebDriver.java:417)
	at com.kms.katalon.core.webui.keyword.builtin.ClickKeyword$_click_closure1.doCall(ClickKeyword.groovy:68)
	at com.kms.katalon.core.webui.keyword.builtin.ClickKeyword$_click_closure1.call(ClickKeyword.groovy)
	at com.kms.katalon.core.webui.keyword.internal.WebUIKeywordMain.runKeyword(WebUIKeywordMain.groovy:20)
	... 19 more]]></system-out>
      <system-err><![CDATA[2021-03-08 18:09:32 - [TEST_SUITE][FAILED] - Faculty E2E: Test Cases/Web/Faculty/Exam Schedule FAILED.
Reason:
com.kms.katalon.core.exception.StepFailedException: Unable to click on object 'Object Repository/Faculty/Exam Schedule/img'
	at com.kms.katalon.core.webui.keyword.internal.WebUIKeywordMain.stepFailed(WebUIKeywordMain.groovy:64)
	at com.kms.katalon.core.webui.keyword.internal.WebUIKeywordMain.runKeyword(WebUIKeywordMain.groovy:26)
	at com.kms.katalon.core.webui.keyword.builtin.ClickKeyword.click(ClickKeyword.groovy:75)
	at com.kms.katalon.core.webui.keyword.builtin.ClickKeyword.execute(ClickKeyword.groovy:42)
	at com.kms.katalon.core.keyword.internal.KeywordExecutor.executeKeywordForPlatform(KeywordExecutor.groovy:73)
	at com.kms.katalon.core.webui.keyword.WebUiBuiltInKeywords.click(WebUiBuiltInKeywords.groovy:619)
	at com.kms.katalon.core.webui.keyword.WebUiBuiltInKeywords$click$3.call(Unknown Source)
	at Exam Schedule.run(Exam Schedule:38)
	at com.kms.katalon.core.main.ScriptEngine.run(ScriptEngine.java:194)
	at com.kms.katalon.core.main.ScriptEngine.runScriptAsRawText(ScriptEngine.java:119)
	at com.kms.katalon.core.main.TestCaseExecutor.runScript(TestCaseExecutor.java:398)
	at com.kms.katalon.core.main.TestCaseExecutor.doExecute(TestCaseExecutor.java:389)
	at com.kms.katalon.core.main.TestCaseExecutor.processExecutionPhase(TestCaseExecutor.java:368)
	at com.kms.katalon.core.main.TestCaseExecutor.accessMainPhase(TestCaseExecutor.java:360)
	at com.kms.katalon.core.main.TestCaseExecutor.execute(TestCaseExecutor.java:255)
	at com.kms.katalon.core.main.TestSuiteExecutor.accessTestCaseMainPhase(TestSuiteExecutor.java:203)
	at com.kms.katalon.core.main.TestSuiteExecutor.accessTestSuiteMainPhase(TestSuiteExecutor.java:152)
	at com.kms.katalon.core.main.TestSuiteExecutor.execute(TestSuiteExecutor.java:95)
	at com.kms.katalon.core.main.TestCaseMain.startTestSuite(TestCaseMain.java:157)
	at com.kms.katalon.core.main.TestCaseMain$startTestSuite$0.call(Unknown Source)
	at TempTestSuite1615207169856.run(TempTestSuite1615207169856.groovy:39)
Caused by: org.openqa.selenium.ElementNotInteractableException: element not interactable
  (Session info: chrome=87.0.4280.141)
Build info: version: '3.141.59', revision: 'e82be7d358', time: '2018-11-14T08:25:53'
System info: host: 'LAPTOP-OCLE0COJ', ip: '169.254.55.176', os.name: 'Windows 10', os.arch: 'amd64', os.version: '10.0', java.version: '1.8.0_181'
Driver info: com.kms.katalon.selenium.driver.CChromeDriver
Capabilities {acceptInsecureCerts: false, browserName: chrome, browserVersion: 87.0.4280.141, chrome: {chromedriverVersion: 87.0.4280.88 (89e2380a3e36c..., userDataDir: C:\Users\PVs\AppData\Local\...}, goog:chromeOptions: {debuggerAddress: localhost:56981}, javascriptEnabled: true, networkConnectionEnabled: false, pageLoadStrategy: normal, platform: WINDOWS, platformName: WINDOWS, proxy: Proxy(), setWindowRect: true, strictFileInteractability: false, timeouts: {implicit: 0, pageLoad: 300000, script: 30000}, unhandledPromptBehavior: dismiss and notify, webauthn:virtualAuthenticators: true}
Session ID: 6445d96a9068e63e9bac1529c6231088
	at org.openqa.selenium.remote.http.W3CHttpResponseCodec.createException(W3CHttpResponseCodec.java:187)
	at org.openqa.selenium.remote.http.W3CHttpResponseCodec.decode(W3CHttpResponseCodec.java:122)
	at org.openqa.selenium.remote.http.W3CHttpResponseCodec.decode(W3CHttpResponseCodec.java:49)
	at org.openqa.selenium.remote.HttpCommandExecutor.execute(HttpCommandExecutor.java:158)
	at org.openqa.selenium.remote.service.DriverCommandExecutor.execute(DriverCommandExecutor.java:83)
	at org.openqa.selenium.remote.RemoteWebDriver.execute(RemoteWebDriver.java:552)
	at com.kms.katalon.selenium.driver.CChromeDriver.execute(CChromeDriver.java:19)
	at org.openqa.selenium.remote.RemoteWebElement.execute(RemoteWebElement.java:285)
	at org.openqa.selenium.remote.RemoteWebElement.click(RemoteWebElement.java:84)
	at org.openqa.selenium.support.events.EventFiringWebDriver$EventFiringWebElement.lambda$new$0(EventFiringWebDriver.java:404)
	at com.sun.proxy.$Proxy11.click(Unknown Source)
	at org.openqa.selenium.support.events.EventFiringWebDriver$EventFiringWebElement.click(EventFiringWebDriver.java:417)
	at com.kms.katalon.core.webui.keyword.builtin.ClickKeyword$_click_closure1.doCall(ClickKeyword.groovy:68)
	at com.kms.katalon.core.webui.keyword.builtin.ClickKeyword$_click_closure1.call(ClickKeyword.groovy)
	at com.kms.katalon.core.webui.keyword.internal.WebUIKeywordMain.runKeyword(WebUIKeywordMain.groovy:20)
	... 19 more]]></system-err>
   </testsuite>
</testsuites>
